{"/Users/elizabethelisha/Documents/Claude/costco-receipt-tracker/server/src/config/database.ts": {"path":"/Users/elizabethelisha/Documents/Claude/costco-receipt-tracker/server/src/config/database.ts","statementMap":{"0":{"start":{"line":1,"column":0},"end":{"line":1,"column":26}},"1":{"start":{"line":2,"column":0},"end":{"line":2,"column":28}},"2":{"start":{"line":4,"column":0},"end":{"line":4,"column":16}},"3":{"start":{"line":6,"column":13},"end":{"line":9,"column":2}},"4":{"start":{"line":12,"column":0},"end":{"line":14,"column":3}},"5":{"start":{"line":13,"column":2},"end":{"line":13,"column":50}},"6":{"start":{"line":16,"column":0},"end":{"line":19,"column":3}},"7":{"start":{"line":17,"column":2},"end":{"line":17,"column":56}},"8":{"start":{"line":18,"column":2},"end":{"line":18,"column":19}},"9":{"start":{"line":22,"column":30},"end":{"line":33,"column":1}},"10":{"start":{"line":23,"column":2},"end":{"line":32,"column":3}},"11":{"start":{"line":24,"column":19},"end":{"line":24,"column":39}},"12":{"start":{"line":25,"column":4},"end":{"line":25,"column":39}},"13":{"start":{"line":26,"column":4},"end":{"line":26,"column":21}},"14":{"start":{"line":27,"column":4},"end":{"line":27,"column":55}},"15":{"start":{"line":28,"column":4},"end":{"line":28,"column":16}},"16":{"start":{"line":30,"column":4},"end":{"line":30,"column":61}},"17":{"start":{"line":31,"column":4},"end":{"line":31,"column":17}},"18":{"start":{"line":22,"column":13},"end":{"line":22,"column":30}},"19":{"start":{"line":35,"column":0},"end":{"line":35,"column":20}}},"fnMap":{"0":{"name":"(anonymous_1)","decl":{"start":{"line":12,"column":19},"end":{"line":12,"column":22}},"loc":{"start":{"line":12,"column":24},"end":{"line":14,"column":1}}},"1":{"name":"(anonymous_2)","decl":{"start":{"line":16,"column":17},"end":{"line":16,"column":18}},"loc":{"start":{"line":16,"column":32},"end":{"line":19,"column":1}}},"2":{"name":"(anonymous_3)","decl":{"start":{"line":22,"column":30},"end":{"line":22,"column":35}},"loc":{"start":{"line":22,"column":59},"end":{"line":33,"column":1}}}},"branchMap":{"0":{"loc":{"start":{"line":8,"column":7},"end":{"line":8,"column":84}},"type":"cond-expr","locations":[{"start":{"line":8,"column":47},"end":{"line":8,"column":76}},{"start":{"line":8,"column":79},"end":{"line":8,"column":84}}]}},"s":{"0":1,"1":1,"2":1,"3":1,"4":1,"5":0,"6":1,"7":0,"8":0,"9":1,"10":0,"11":0,"12":0,"13":0,"14":0,"15":0,"16":0,"17":0,"18":1,"19":1},"f":{"0":0,"1":0,"2":0},"b":{"0":[0,1]}}
,"/Users/elizabethelisha/Documents/Claude/costco-receipt-tracker/server/src/middleware/auth.ts": {"path":"/Users/elizabethelisha/Documents/Claude/costco-receipt-tracker/server/src/middleware/auth.ts","statementMap":{"0":{"start":{"line":2,"column":0},"end":{"line":2,"column":31}},"1":{"start":{"line":4,"column":19},"end":{"line":4,"column":66}},"2":{"start":{"line":19,"column":28},"end":{"line":65,"column":1}},"3":{"start":{"line":24,"column":2},"end":{"line":64,"column":3}},"4":{"start":{"line":26,"column":23},"end":{"line":26,"column":48}},"5":{"start":{"line":28,"column":4},"end":{"line":31,"column":5}},"6":{"start":{"line":29,"column":6},"end":{"line":29,"column":74}},"7":{"start":{"line":30,"column":6},"end":{"line":30,"column":13}},"8":{"start":{"line":34,"column":4},"end":{"line":37,"column":5}},"9":{"start":{"line":35,"column":6},"end":{"line":35,"column":91}},"10":{"start":{"line":36,"column":6},"end":{"line":36,"column":13}},"11":{"start":{"line":39,"column":18},"end":{"line":39,"column":41}},"12":{"start":{"line":41,"column":4},"end":{"line":44,"column":5}},"13":{"start":{"line":42,"column":6},"end":{"line":42,"column":59}},"14":{"start":{"line":43,"column":6},"end":{"line":43,"column":13}},"15":{"start":{"line":47,"column":20},"end":{"line":47,"column":90}},"16":{"start":{"line":50,"column":4},"end":{"line":50,"column":32}},"17":{"start":{"line":52,"column":4},"end":{"line":52,"column":11}},"18":{"start":{"line":54,"column":4},"end":{"line":57,"column":5}},"19":{"start":{"line":55,"column":6},"end":{"line":55,"column":59}},"20":{"start":{"line":56,"column":6},"end":{"line":56,"column":13}},"21":{"start":{"line":58,"column":4},"end":{"line":61,"column":5}},"22":{"start":{"line":59,"column":6},"end":{"line":59,"column":55}},"23":{"start":{"line":60,"column":6},"end":{"line":60,"column":13}},"24":{"start":{"line":62,"column":4},"end":{"line":62,"column":50}},"25":{"start":{"line":63,"column":4},"end":{"line":63,"column":61}},"26":{"start":{"line":19,"column":13},"end":{"line":19,"column":28}},"27":{"start":{"line":67,"column":0},"end":{"line":67,"column":28}}},"fnMap":{"0":{"name":"(anonymous_1)","decl":{"start":{"line":19,"column":28},"end":{"line":19,"column":null}},"loc":{"start":{"line":23,"column":10},"end":{"line":65,"column":1}}}},"branchMap":{"0":{"loc":{"start":{"line":4,"column":19},"end":{"line":4,"column":66}},"type":"binary-expr","locations":[{"start":{"line":4,"column":19},"end":{"line":4,"column":41}},{"start":{"line":4,"column":45},"end":{"line":4,"column":66}}]},"1":{"loc":{"start":{"line":28,"column":4},"end":{"line":31,"column":5}},"type":"if","locations":[{"start":{"line":28,"column":4},"end":{"line":31,"column":5}},{"start":{},"end":{}}]},"2":{"loc":{"start":{"line":34,"column":4},"end":{"line":37,"column":5}},"type":"if","locations":[{"start":{"line":34,"column":4},"end":{"line":37,"column":5}},{"start":{},"end":{}}]},"3":{"loc":{"start":{"line":41,"column":4},"end":{"line":44,"column":5}},"type":"if","locations":[{"start":{"line":41,"column":4},"end":{"line":44,"column":5}},{"start":{},"end":{}}]},"4":{"loc":{"start":{"line":54,"column":4},"end":{"line":57,"column":5}},"type":"if","locations":[{"start":{"line":54,"column":4},"end":{"line":57,"column":5}},{"start":{},"end":{}}]},"5":{"loc":{"start":{"line":58,"column":4},"end":{"line":61,"column":5}},"type":"if","locations":[{"start":{"line":58,"column":4},"end":{"line":61,"column":5}},{"start":{},"end":{}}]}},"s":{"0":0,"1":0,"2":0,"3":0,"4":0,"5":0,"6":0,"7":0,"8":0,"9":0,"10":0,"11":0,"12":0,"13":0,"14":0,"15":0,"16":0,"17":0,"18":0,"19":0,"20":0,"21":0,"22":0,"23":0,"24":0,"25":0,"26":0,"27":0},"f":{"0":0},"b":{"0":[0,0],"1":[0,0],"2":[0,0],"3":[0,0],"4":[0,0],"5":[0,0]}}
,"/Users/elizabethelisha/Documents/Claude/costco-receipt-tracker/server/src/models/Item.ts": {"path":"/Users/elizabethelisha/Documents/Claude/costco-receipt-tracker/server/src/models/Item.ts","statementMap":{"0":{"start":{"line":1,"column":0},"end":{"line":1,"column":38}},"1":{"start":{"line":26,"column":13},"end":{"line":156,"column":2}},"2":{"start":{"line":28,"column":19},"end":{"line":41,"column":null}},"3":{"start":{"line":43,"column":4},"end":{"line":43,"column":26}},"4":{"start":{"line":47,"column":19},"end":{"line":49,"column":null}},"5":{"start":{"line":51,"column":4},"end":{"line":51,"column":23}},"6":{"start":{"line":55,"column":4},"end":{"line":57,"column":5}},"7":{"start":{"line":56,"column":6},"end":{"line":56,"column":16}},"8":{"start":{"line":59,"column":47},"end":{"line":59,"column":49}},"9":{"start":{"line":60,"column":35},"end":{"line":60,"column":37}},"10":{"start":{"line":61,"column":21},"end":{"line":61,"column":22}},"11":{"start":{"line":63,"column":4},"end":{"line":78,"column":5}},"12":{"start":{"line":63,"column":19},"end":{"line":63,"column":20}},"13":{"start":{"line":64,"column":19},"end":{"line":64,"column":29}},"14":{"start":{"line":65,"column":6},"end":{"line":67,"column":8}},"15":{"start":{"line":68,"column":6},"end":{"line":77,"column":8}},"16":{"start":{"line":80,"column":19},"end":{"line":84,"column":null}},"17":{"start":{"line":86,"column":4},"end":{"line":86,"column":23}},"18":{"start":{"line":90,"column":19},"end":{"line":92,"column":null}},"19":{"start":{"line":94,"column":4},"end":{"line":94,"column":32}},"20":{"start":{"line":98,"column":19},"end":{"line":100,"column":null}},"21":{"start":{"line":102,"column":4},"end":{"line":102,"column":34}},"22":{"start":{"line":110,"column":29},"end":{"line":110,"column":31}},"23":{"start":{"line":111,"column":47},"end":{"line":111,"column":49}},"24":{"start":{"line":112,"column":21},"end":{"line":112,"column":22}},"25":{"start":{"line":114,"column":4},"end":{"line":117,"column":5}},"26":{"start":{"line":115,"column":6},"end":{"line":115,"column":45}},"27":{"start":{"line":116,"column":6},"end":{"line":116,"column":29}},"28":{"start":{"line":118,"column":4},"end":{"line":121,"column":5}},"29":{"start":{"line":119,"column":6},"end":{"line":119,"column":51}},"30":{"start":{"line":120,"column":6},"end":{"line":120,"column":35}},"31":{"start":{"line":122,"column":4},"end":{"line":125,"column":5}},"32":{"start":{"line":123,"column":6},"end":{"line":123,"column":49}},"33":{"start":{"line":124,"column":6},"end":{"line":124,"column":33}},"34":{"start":{"line":126,"column":4},"end":{"line":129,"column":5}},"35":{"start":{"line":127,"column":6},"end":{"line":127,"column":52}},"36":{"start":{"line":128,"column":6},"end":{"line":128,"column":36}},"37":{"start":{"line":130,"column":4},"end":{"line":133,"column":5}},"38":{"start":{"line":131,"column":6},"end":{"line":131,"column":49}},"39":{"start":{"line":132,"column":6},"end":{"line":132,"column":33}},"40":{"start":{"line":135,"column":4},"end":{"line":137,"column":5}},"41":{"start":{"line":136,"column":6},"end":{"line":136,"column":42}},"42":{"start":{"line":139,"column":4},"end":{"line":139,"column":31}},"43":{"start":{"line":140,"column":19},"end":{"line":144,"column":null}},"44":{"start":{"line":146,"column":4},"end":{"line":146,"column":34}},"45":{"start":{"line":150,"column":19},"end":{"line":152,"column":null}},"46":{"start":{"line":154,"column":4},"end":{"line":154,"column":38}},"47":{"start":{"line":158,"column":0},"end":{"line":158,"column":25}}},"fnMap":{"0":{"name":"(anonymous_1)","decl":{"start":{"line":27,"column":2},"end":{"line":27,"column":7}},"loc":{"start":{"line":27,"column":35},"end":{"line":44,"column":3}}},"1":{"name":"(anonymous_2)","decl":{"start":{"line":46,"column":2},"end":{"line":46,"column":7}},"loc":{"start":{"line":46,"column":41},"end":{"line":52,"column":3}}},"2":{"name":"(anonymous_3)","decl":{"start":{"line":54,"column":2},"end":{"line":54,"column":7}},"loc":{"start":{"line":54,"column":43},"end":{"line":87,"column":3}}},"3":{"name":"(anonymous_4)","decl":{"start":{"line":89,"column":2},"end":{"line":89,"column":7}},"loc":{"start":{"line":89,"column":43},"end":{"line":95,"column":3}}},"4":{"name":"(anonymous_5)","decl":{"start":{"line":97,"column":2},"end":{"line":97,"column":7}},"loc":{"start":{"line":97,"column":46},"end":{"line":103,"column":3}}},"5":{"name":"(anonymous_6)","decl":{"start":{"line":105,"column":2},"end":{"line":105,"column":7}},"loc":{"start":{"line":108,"column":53},"end":{"line":147,"column":3}}},"6":{"name":"(anonymous_7)","decl":{"start":{"line":149,"column":2},"end":{"line":149,"column":7}},"loc":{"start":{"line":149,"column":44},"end":{"line":155,"column":3}}}},"branchMap":{"0":{"loc":{"start":{"line":38,"column":8},"end":{"line":38,"column":29}},"type":"binary-expr","locations":[{"start":{"line":38,"column":8},"end":{"line":38,"column":21}},{"start":{"line":38,"column":25},"end":{"line":38,"column":29}}]},"1":{"loc":{"start":{"line":39,"column":8},"end":{"line":39,"column":28}},"type":"binary-expr","locations":[{"start":{"line":39,"column":8},"end":{"line":39,"column":23}},{"start":{"line":39,"column":27},"end":{"line":39,"column":28}}]},"2":{"loc":{"start":{"line":40,"column":8},"end":{"line":40,"column":32}},"type":"binary-expr","locations":[{"start":{"line":40,"column":8},"end":{"line":40,"column":24}},{"start":{"line":40,"column":28},"end":{"line":40,"column":32}}]},"3":{"loc":{"start":{"line":55,"column":4},"end":{"line":57,"column":5}},"type":"if","locations":[{"start":{"line":55,"column":4},"end":{"line":57,"column":5}},{"start":{},"end":{}}]},"4":{"loc":{"start":{"line":74,"column":8},"end":{"line":74,"column":29}},"type":"binary-expr","locations":[{"start":{"line":74,"column":8},"end":{"line":74,"column":21}},{"start":{"line":74,"column":25},"end":{"line":74,"column":29}}]},"5":{"loc":{"start":{"line":75,"column":8},"end":{"line":75,"column":30}},"type":"binary-expr","locations":[{"start":{"line":75,"column":8},"end":{"line":75,"column":23}},{"start":{"line":75,"column":27},"end":{"line":75,"column":30}}]},"6":{"loc":{"start":{"line":76,"column":8},"end":{"line":76,"column":32}},"type":"binary-expr","locations":[{"start":{"line":76,"column":8},"end":{"line":76,"column":24}},{"start":{"line":76,"column":28},"end":{"line":76,"column":32}}]},"7":{"loc":{"start":{"line":94,"column":11},"end":{"line":94,"column":31}},"type":"binary-expr","locations":[{"start":{"line":94,"column":11},"end":{"line":94,"column":26}},{"start":{"line":94,"column":30},"end":{"line":94,"column":31}}]},"8":{"loc":{"start":{"line":102,"column":11},"end":{"line":102,"column":33}},"type":"binary-expr","locations":[{"start":{"line":102,"column":11},"end":{"line":102,"column":25}},{"start":{"line":102,"column":29},"end":{"line":102,"column":33}}]},"9":{"loc":{"start":{"line":114,"column":4},"end":{"line":117,"column":5}},"type":"if","locations":[{"start":{"line":114,"column":4},"end":{"line":117,"column":5}},{"start":{},"end":{}}]},"10":{"loc":{"start":{"line":118,"column":4},"end":{"line":121,"column":5}},"type":"if","locations":[{"start":{"line":118,"column":4},"end":{"line":121,"column":5}},{"start":{},"end":{}}]},"11":{"loc":{"start":{"line":122,"column":4},"end":{"line":125,"column":5}},"type":"if","locations":[{"start":{"line":122,"column":4},"end":{"line":125,"column":5}},{"start":{},"end":{}}]},"12":{"loc":{"start":{"line":126,"column":4},"end":{"line":129,"column":5}},"type":"if","locations":[{"start":{"line":126,"column":4},"end":{"line":129,"column":5}},{"start":{},"end":{}}]},"13":{"loc":{"start":{"line":130,"column":4},"end":{"line":133,"column":5}},"type":"if","locations":[{"start":{"line":130,"column":4},"end":{"line":133,"column":5}},{"start":{},"end":{}}]},"14":{"loc":{"start":{"line":135,"column":4},"end":{"line":137,"column":5}},"type":"if","locations":[{"start":{"line":135,"column":4},"end":{"line":137,"column":5}},{"start":{},"end":{}}]},"15":{"loc":{"start":{"line":146,"column":11},"end":{"line":146,"column":33}},"type":"binary-expr","locations":[{"start":{"line":146,"column":11},"end":{"line":146,"column":25}},{"start":{"line":146,"column":29},"end":{"line":146,"column":33}}]},"16":{"loc":{"start":{"line":154,"column":12},"end":{"line":154,"column":32}},"type":"binary-expr","locations":[{"start":{"line":154,"column":12},"end":{"line":154,"column":27}},{"start":{"line":154,"column":31},"end":{"line":154,"column":32}}]}},"s":{"0":1,"1":1,"2":2,"3":2,"4":2,"5":2,"6":2,"7":1,"8":1,"9":1,"10":1,"11":1,"12":1,"13":2,"14":2,"15":2,"16":1,"17":1,"18":2,"19":2,"20":3,"21":3,"22":2,"23":2,"24":2,"25":2,"26":1,"27":1,"28":2,"29":1,"30":1,"31":2,"32":1,"33":1,"34":2,"35":1,"36":1,"37":2,"38":1,"39":1,"40":2,"41":1,"42":1,"43":1,"44":1,"45":2,"46":2,"47":1},"f":{"0":2,"1":2,"2":2,"3":2,"4":3,"5":2,"6":2},"b":{"0":[2,1],"1":[2,1],"2":[2,1],"3":[1,1],"4":[2,2],"5":[2,2],"6":[2,2],"7":[2,0],"8":[3,1],"9":[1,1],"10":[1,1],"11":[1,1],"12":[1,1],"13":[1,1],"14":[1,1],"15":[1,0],"16":[2,0]}}
,"/Users/elizabethelisha/Documents/Claude/costco-receipt-tracker/server/src/models/Receipt.ts": {"path":"/Users/elizabethelisha/Documents/Claude/costco-receipt-tracker/server/src/models/Receipt.ts","statementMap":{"0":{"start":{"line":1,"column":0},"end":{"line":1,"column":38}},"1":{"start":{"line":39,"column":13},"end":{"line":135,"column":2}},"2":{"start":{"line":41,"column":19},"end":{"line":55,"column":null}},"3":{"start":{"line":57,"column":4},"end":{"line":57,"column":26}},"4":{"start":{"line":61,"column":19},"end":{"line":65,"column":null}},"5":{"start":{"line":67,"column":4},"end":{"line":67,"column":23}},"6":{"start":{"line":71,"column":19},"end":{"line":73,"column":null}},"7":{"start":{"line":75,"column":4},"end":{"line":75,"column":34}},"8":{"start":{"line":79,"column":29},"end":{"line":79,"column":31}},"9":{"start":{"line":80,"column":54},"end":{"line":80,"column":56}},"10":{"start":{"line":81,"column":21},"end":{"line":81,"column":22}},"11":{"start":{"line":83,"column":4},"end":{"line":86,"column":5}},"12":{"start":{"line":84,"column":6},"end":{"line":84,"column":54}},"13":{"start":{"line":85,"column":6},"end":{"line":85,"column":38}},"14":{"start":{"line":87,"column":4},"end":{"line":90,"column":5}},"15":{"start":{"line":88,"column":6},"end":{"line":88,"column":53}},"16":{"start":{"line":89,"column":6},"end":{"line":89,"column":37}},"17":{"start":{"line":91,"column":4},"end":{"line":94,"column":5}},"18":{"start":{"line":92,"column":6},"end":{"line":92,"column":51}},"19":{"start":{"line":93,"column":6},"end":{"line":93,"column":35}},"20":{"start":{"line":95,"column":4},"end":{"line":98,"column":5}},"21":{"start":{"line":96,"column":6},"end":{"line":96,"column":55}},"22":{"start":{"line":97,"column":6},"end":{"line":97,"column":39}},"23":{"start":{"line":99,"column":4},"end":{"line":102,"column":5}},"24":{"start":{"line":100,"column":6},"end":{"line":100,"column":51}},"25":{"start":{"line":101,"column":6},"end":{"line":101,"column":35}},"26":{"start":{"line":103,"column":4},"end":{"line":106,"column":5}},"27":{"start":{"line":104,"column":6},"end":{"line":104,"column":52}},"28":{"start":{"line":105,"column":6},"end":{"line":105,"column":36}},"29":{"start":{"line":107,"column":4},"end":{"line":110,"column":5}},"30":{"start":{"line":108,"column":6},"end":{"line":108,"column":50}},"31":{"start":{"line":109,"column":6},"end":{"line":109,"column":34}},"32":{"start":{"line":112,"column":4},"end":{"line":114,"column":5}},"33":{"start":{"line":113,"column":6},"end":{"line":113,"column":39}},"34":{"start":{"line":116,"column":4},"end":{"line":116,"column":28}},"35":{"start":{"line":118,"column":19},"end":{"line":123,"column":null}},"36":{"start":{"line":125,"column":4},"end":{"line":125,"column":34}},"37":{"start":{"line":129,"column":19},"end":{"line":131,"column":null}},"38":{"start":{"line":133,"column":4},"end":{"line":133,"column":38}},"39":{"start":{"line":137,"column":0},"end":{"line":137,"column":28}}},"fnMap":{"0":{"name":"(anonymous_1)","decl":{"start":{"line":40,"column":2},"end":{"line":40,"column":7}},"loc":{"start":{"line":40,"column":38},"end":{"line":58,"column":3}}},"1":{"name":"(anonymous_2)","decl":{"start":{"line":60,"column":2},"end":{"line":60,"column":7}},"loc":{"start":{"line":60,"column":35},"end":{"line":68,"column":3}}},"2":{"name":"(anonymous_3)","decl":{"start":{"line":70,"column":2},"end":{"line":70,"column":7}},"loc":{"start":{"line":70,"column":43},"end":{"line":76,"column":3}}},"3":{"name":"(anonymous_4)","decl":{"start":{"line":78,"column":2},"end":{"line":78,"column":7}},"loc":{"start":{"line":78,"column":66},"end":{"line":126,"column":3}}},"4":{"name":"(anonymous_5)","decl":{"start":{"line":128,"column":2},"end":{"line":128,"column":7}},"loc":{"start":{"line":128,"column":41},"end":{"line":134,"column":3}}}},"branchMap":{"0":{"loc":{"start":{"line":48,"column":8},"end":{"line":48,"column":34}},"type":"binary-expr","locations":[{"start":{"line":48,"column":8},"end":{"line":48,"column":26}},{"start":{"line":48,"column":30},"end":{"line":48,"column":34}}]},"1":{"loc":{"start":{"line":49,"column":8},"end":{"line":49,"column":30}},"type":"binary-expr","locations":[{"start":{"line":49,"column":8},"end":{"line":49,"column":25}},{"start":{"line":49,"column":29},"end":{"line":49,"column":30}}]},"2":{"loc":{"start":{"line":50,"column":8},"end":{"line":50,"column":31}},"type":"binary-expr","locations":[{"start":{"line":50,"column":8},"end":{"line":50,"column":23}},{"start":{"line":50,"column":27},"end":{"line":50,"column":31}}]},"3":{"loc":{"start":{"line":51,"column":8},"end":{"line":51,"column":35}},"type":"binary-expr","locations":[{"start":{"line":51,"column":8},"end":{"line":51,"column":27}},{"start":{"line":51,"column":31},"end":{"line":51,"column":35}}]},"4":{"loc":{"start":{"line":52,"column":8},"end":{"line":52,"column":31}},"type":"binary-expr","locations":[{"start":{"line":52,"column":8},"end":{"line":52,"column":23}},{"start":{"line":52,"column":27},"end":{"line":52,"column":31}}]},"5":{"loc":{"start":{"line":53,"column":8},"end":{"line":53,"column":32}},"type":"binary-expr","locations":[{"start":{"line":53,"column":8},"end":{"line":53,"column":24}},{"start":{"line":53,"column":28},"end":{"line":53,"column":32}}]},"6":{"loc":{"start":{"line":54,"column":8},"end":{"line":54,"column":30}},"type":"binary-expr","locations":[{"start":{"line":54,"column":8},"end":{"line":54,"column":22}},{"start":{"line":54,"column":26},"end":{"line":54,"column":30}}]},"7":{"loc":{"start":{"line":75,"column":11},"end":{"line":75,"column":33}},"type":"binary-expr","locations":[{"start":{"line":75,"column":11},"end":{"line":75,"column":25}},{"start":{"line":75,"column":29},"end":{"line":75,"column":33}}]},"8":{"loc":{"start":{"line":83,"column":4},"end":{"line":86,"column":5}},"type":"if","locations":[{"start":{"line":83,"column":4},"end":{"line":86,"column":5}},{"start":{},"end":{}}]},"9":{"loc":{"start":{"line":87,"column":4},"end":{"line":90,"column":5}},"type":"if","locations":[{"start":{"line":87,"column":4},"end":{"line":90,"column":5}},{"start":{},"end":{}}]},"10":{"loc":{"start":{"line":91,"column":4},"end":{"line":94,"column":5}},"type":"if","locations":[{"start":{"line":91,"column":4},"end":{"line":94,"column":5}},{"start":{},"end":{}}]},"11":{"loc":{"start":{"line":95,"column":4},"end":{"line":98,"column":5}},"type":"if","locations":[{"start":{"line":95,"column":4},"end":{"line":98,"column":5}},{"start":{},"end":{}}]},"12":{"loc":{"start":{"line":99,"column":4},"end":{"line":102,"column":5}},"type":"if","locations":[{"start":{"line":99,"column":4},"end":{"line":102,"column":5}},{"start":{},"end":{}}]},"13":{"loc":{"start":{"line":103,"column":4},"end":{"line":106,"column":5}},"type":"if","locations":[{"start":{"line":103,"column":4},"end":{"line":106,"column":5}},{"start":{},"end":{}}]},"14":{"loc":{"start":{"line":107,"column":4},"end":{"line":110,"column":5}},"type":"if","locations":[{"start":{"line":107,"column":4},"end":{"line":110,"column":5}},{"start":{},"end":{}}]},"15":{"loc":{"start":{"line":112,"column":4},"end":{"line":114,"column":5}},"type":"if","locations":[{"start":{"line":112,"column":4},"end":{"line":114,"column":5}},{"start":{},"end":{}}]},"16":{"loc":{"start":{"line":125,"column":11},"end":{"line":125,"column":33}},"type":"binary-expr","locations":[{"start":{"line":125,"column":11},"end":{"line":125,"column":25}},{"start":{"line":125,"column":29},"end":{"line":125,"column":33}}]},"17":{"loc":{"start":{"line":133,"column":12},"end":{"line":133,"column":32}},"type":"binary-expr","locations":[{"start":{"line":133,"column":12},"end":{"line":133,"column":27}},{"start":{"line":133,"column":31},"end":{"line":133,"column":32}}]}},"s":{"0":1,"1":1,"2":2,"3":2,"4":2,"5":2,"6":4,"7":4,"8":2,"9":2,"10":2,"11":2,"12":0,"13":0,"14":2,"15":1,"16":1,"17":2,"18":1,"19":1,"20":2,"21":0,"22":0,"23":2,"24":0,"25":0,"26":2,"27":0,"28":0,"29":2,"30":0,"31":0,"32":2,"33":1,"34":1,"35":1,"36":1,"37":2,"38":2,"39":1},"f":{"0":2,"1":2,"2":4,"3":2,"4":2},"b":{"0":[2,1],"1":[2,1],"2":[2,1],"3":[2,1],"4":[2,1],"5":[2,1],"6":[2,1],"7":[4,2],"8":[0,2],"9":[1,1],"10":[1,1],"11":[0,2],"12":[0,2],"13":[0,2],"14":[0,2],"15":[1,1],"16":[1,0],"17":[2,0]}}
,"/Users/elizabethelisha/Documents/Claude/costco-receipt-tracker/server/src/models/User.ts": {"path":"/Users/elizabethelisha/Documents/Claude/costco-receipt-tracker/server/src/models/User.ts","statementMap":{"0":{"start":{"line":1,"column":0},"end":{"line":1,"column":38}},"1":{"start":{"line":16,"column":13},"end":{"line":42,"column":2}},"2":{"start":{"line":18,"column":19},"end":{"line":20,"column":null}},"3":{"start":{"line":22,"column":4},"end":{"line":22,"column":34}},"4":{"start":{"line":26,"column":19},"end":{"line":28,"column":null}},"5":{"start":{"line":30,"column":4},"end":{"line":30,"column":34}},"6":{"start":{"line":34,"column":19},"end":{"line":38,"column":null}},"7":{"start":{"line":40,"column":4},"end":{"line":40,"column":26}},"8":{"start":{"line":44,"column":0},"end":{"line":44,"column":25}}},"fnMap":{"0":{"name":"(anonymous_1)","decl":{"start":{"line":17,"column":2},"end":{"line":17,"column":7}},"loc":{"start":{"line":17,"column":33},"end":{"line":23,"column":3}}},"1":{"name":"(anonymous_2)","decl":{"start":{"line":25,"column":2},"end":{"line":25,"column":7}},"loc":{"start":{"line":25,"column":27},"end":{"line":31,"column":3}}},"2":{"name":"(anonymous_3)","decl":{"start":{"line":33,"column":2},"end":{"line":33,"column":7}},"loc":{"start":{"line":33,"column":50},"end":{"line":41,"column":3}}}},"branchMap":{"0":{"loc":{"start":{"line":22,"column":11},"end":{"line":22,"column":33}},"type":"binary-expr","locations":[{"start":{"line":22,"column":11},"end":{"line":22,"column":25}},{"start":{"line":22,"column":29},"end":{"line":22,"column":33}}]},"1":{"loc":{"start":{"line":30,"column":11},"end":{"line":30,"column":33}},"type":"binary-expr","locations":[{"start":{"line":30,"column":11},"end":{"line":30,"column":25}},{"start":{"line":30,"column":29},"end":{"line":30,"column":33}}]}},"s":{"0":1,"1":1,"2":0,"3":0,"4":0,"5":0,"6":0,"7":0,"8":1},"f":{"0":0,"1":0,"2":0},"b":{"0":[0,0],"1":[0,0]}}
,"/Users/elizabethelisha/Documents/Claude/costco-receipt-tracker/server/src/routes/analytics.ts": {"path":"/Users/elizabethelisha/Documents/Claude/costco-receipt-tracker/server/src/routes/analytics.ts","statementMap":{"0":{"start":{"line":1,"column":0},"end":{"line":1,"column":52}},"1":{"start":{"line":2,"column":0},"end":{"line":2,"column":50}},"2":{"start":{"line":3,"column":0},"end":{"line":3,"column":38}},"3":{"start":{"line":5,"column":15},"end":{"line":5,"column":23}},"4":{"start":{"line":8,"column":0},"end":{"line":35,"column":3}},"5":{"start":{"line":9,"column":2},"end":{"line":34,"column":3}},"6":{"start":{"line":10,"column":19},"end":{"line":10,"column":30}},"7":{"start":{"line":12,"column":18},"end":{"line":20,"column":6}},"8":{"start":{"line":22,"column":19},"end":{"line":22,"column":52}},"9":{"start":{"line":25,"column":21},"end":{"line":28,"column":7}},"10":{"start":{"line":25,"column":45},"end":{"line":28,"column":6}},"11":{"start":{"line":30,"column":4},"end":{"line":30,"column":42}},"12":{"start":{"line":32,"column":4},"end":{"line":32,"column":53}},"13":{"start":{"line":33,"column":4},"end":{"line":33,"column":73}},"14":{"start":{"line":38,"column":0},"end":{"line":103,"column":3}},"15":{"start":{"line":39,"column":2},"end":{"line":102,"column":3}},"16":{"start":{"line":40,"column":19},"end":{"line":40,"column":30}},"17":{"start":{"line":41,"column":18},"end":{"line":41,"column":59}},"18":{"start":{"line":43,"column":18},"end":{"line":74,"column":6}},"19":{"start":{"line":76,"column":19},"end":{"line":76,"column":59}},"20":{"start":{"line":78,"column":21},"end":{"line":96,"column":6}},"21":{"start":{"line":79,"column":26},"end":{"line":79,"column":59}},"22":{"start":{"line":80,"column":25},"end":{"line":80,"column":57}},"23":{"start":{"line":81,"column":24},"end":{"line":81,"column":25}},"24":{"start":{"line":82,"column":6},"end":{"line":84,"column":7}},"25":{"start":{"line":83,"column":8},"end":{"line":83,"column":70}},"26":{"start":{"line":86,"column":6},"end":{"line":95,"column":8}},"27":{"start":{"line":98,"column":4},"end":{"line":98,"column":42}},"28":{"start":{"line":100,"column":4},"end":{"line":100,"column":45}},"29":{"start":{"line":101,"column":4},"end":{"line":101,"column":65}},"30":{"start":{"line":106,"column":0},"end":{"line":135,"column":3}},"31":{"start":{"line":107,"column":2},"end":{"line":134,"column":3}},"32":{"start":{"line":108,"column":19},"end":{"line":108,"column":30}},"33":{"start":{"line":110,"column":18},"end":{"line":120,"column":6}},"34":{"start":{"line":122,"column":19},"end":{"line":122,"column":52}},"35":{"start":{"line":124,"column":23},"end":{"line":128,"column":7}},"36":{"start":{"line":124,"column":47},"end":{"line":128,"column":6}},"37":{"start":{"line":130,"column":4},"end":{"line":130,"column":44}},"38":{"start":{"line":132,"column":4},"end":{"line":132,"column":54}},"39":{"start":{"line":133,"column":4},"end":{"line":133,"column":74}},"40":{"start":{"line":138,"column":0},"end":{"line":183,"column":3}},"41":{"start":{"line":139,"column":2},"end":{"line":182,"column":3}},"42":{"start":{"line":140,"column":19},"end":{"line":140,"column":30}},"43":{"start":{"line":143,"column":25},"end":{"line":149,"column":6}},"44":{"start":{"line":150,"column":26},"end":{"line":150,"column":66}},"45":{"start":{"line":151,"column":23},"end":{"line":151,"column":44}},"46":{"start":{"line":153,"column":23},"end":{"line":153,"column":62}},"47":{"start":{"line":154,"column":26},"end":{"line":154,"column":66}},"48":{"start":{"line":155,"column":30},"end":{"line":155,"column":80}},"49":{"start":{"line":158,"column":22},"end":{"line":165,"column":6}},"50":{"start":{"line":166,"column":23},"end":{"line":166,"column":60}},"51":{"start":{"line":167,"column":20},"end":{"line":167,"column":38}},"52":{"start":{"line":169,"column":23},"end":{"line":169,"column":57}},"53":{"start":{"line":170,"column":24},"end":{"line":170,"column":59}},"54":{"start":{"line":172,"column":4},"end":{"line":178,"column":7}},"55":{"start":{"line":180,"column":4},"end":{"line":180,"column":51}},"56":{"start":{"line":181,"column":4},"end":{"line":181,"column":71}},"57":{"start":{"line":186,"column":0},"end":{"line":221,"column":3}},"58":{"start":{"line":187,"column":2},"end":{"line":220,"column":3}},"59":{"start":{"line":188,"column":19},"end":{"line":188,"column":30}},"60":{"start":{"line":190,"column":18},"end":{"line":201,"column":6}},"61":{"start":{"line":203,"column":19},"end":{"line":203,"column":52}},"62":{"start":{"line":204,"column":16},"end":{"line":204,"column":30}},"63":{"start":{"line":206,"column":4},"end":{"line":216,"column":7}},"64":{"start":{"line":218,"column":4},"end":{"line":218,"column":43}},"65":{"start":{"line":219,"column":4},"end":{"line":219,"column":63}},"66":{"start":{"line":225,"column":24},"end":{"line":225,"column":44}},"67":{"start":{"line":226,"column":21},"end":{"line":229,"column":4}},"68":{"start":{"line":230,"column":21},"end":{"line":230,"column":40}},"69":{"start":{"line":231,"column":2},"end":{"line":231,"column":45}},"70":{"start":{"line":236,"column":2},"end":{"line":236,"column":44}},"71":{"start":{"line":236,"column":32},"end":{"line":236,"column":44}},"72":{"start":{"line":237,"column":2},"end":{"line":237,"column":50}},"73":{"start":{"line":240,"column":0},"end":{"line":240,"column":22}}},"fnMap":{"0":{"name":"(anonymous_1)","decl":{"start":{"line":8,"column":47},"end":{"line":8,"column":52}},"loc":{"start":{"line":8,"column":100},"end":{"line":35,"column":1}}},"1":{"name":"(anonymous_2)","decl":{"start":{"line":25,"column":37},"end":{"line":25,"column":40}},"loc":{"start":{"line":25,"column":45},"end":{"line":28,"column":6}}},"2":{"name":"(anonymous_3)","decl":{"start":{"line":38,"column":39},"end":{"line":38,"column":44}},"loc":{"start":{"line":38,"column":92},"end":{"line":103,"column":1}}},"3":{"name":"(anonymous_4)","decl":{"start":{"line":78,"column":37},"end":{"line":78,"column":40}},"loc":{"start":{"line":78,"column":43},"end":{"line":96,"column":5}}},"4":{"name":"(anonymous_5)","decl":{"start":{"line":106,"column":48},"end":{"line":106,"column":53}},"loc":{"start":{"line":106,"column":101},"end":{"line":135,"column":1}}},"5":{"name":"(anonymous_6)","decl":{"start":{"line":124,"column":39},"end":{"line":124,"column":42}},"loc":{"start":{"line":124,"column":47},"end":{"line":128,"column":6}}},"6":{"name":"(anonymous_7)","decl":{"start":{"line":138,"column":45},"end":{"line":138,"column":50}},"loc":{"start":{"line":138,"column":98},"end":{"line":183,"column":1}}},"7":{"name":"(anonymous_8)","decl":{"start":{"line":186,"column":37},"end":{"line":186,"column":42}},"loc":{"start":{"line":186,"column":90},"end":{"line":221,"column":1}}},"8":{"name":"formatMonth","decl":{"start":{"line":224,"column":9},"end":{"line":224,"column":20}},"loc":{"start":{"line":224,"column":38},"end":{"line":232,"column":1}}},"9":{"name":"truncateName","decl":{"start":{"line":235,"column":9},"end":{"line":235,"column":21}},"loc":{"start":{"line":235,"column":53},"end":{"line":238,"column":1}}}},"branchMap":{"0":{"loc":{"start":{"line":27,"column":14},"end":{"line":27,"column":41}},"type":"binary-expr","locations":[{"start":{"line":27,"column":14},"end":{"line":27,"column":36}},{"start":{"line":27,"column":40},"end":{"line":27,"column":41}}]},"1":{"loc":{"start":{"line":41,"column":18},"end":{"line":41,"column":59}},"type":"binary-expr","locations":[{"start":{"line":41,"column":18},"end":{"line":41,"column":53}},{"start":{"line":41,"column":57},"end":{"line":41,"column":59}}]},"2":{"loc":{"start":{"line":79,"column":26},"end":{"line":79,"column":59}},"type":"binary-expr","locations":[{"start":{"line":79,"column":26},"end":{"line":79,"column":54}},{"start":{"line":79,"column":58},"end":{"line":79,"column":59}}]},"3":{"loc":{"start":{"line":80,"column":25},"end":{"line":80,"column":57}},"type":"binary-expr","locations":[{"start":{"line":80,"column":25},"end":{"line":80,"column":52}},{"start":{"line":80,"column":56},"end":{"line":80,"column":57}}]},"4":{"loc":{"start":{"line":82,"column":6},"end":{"line":84,"column":7}},"type":"if","locations":[{"start":{"line":82,"column":6},"end":{"line":84,"column":7}},{"start":{},"end":{}}]},"5":{"loc":{"start":{"line":82,"column":10},"end":{"line":82,"column":43}},"type":"binary-expr","locations":[{"start":{"line":82,"column":10},"end":{"line":82,"column":24}},{"start":{"line":82,"column":28},"end":{"line":82,"column":43}}]},"6":{"loc":{"start":{"line":88,"column":18},"end":{"line":88,"column":45}},"type":"binary-expr","locations":[{"start":{"line":88,"column":18},"end":{"line":88,"column":40}},{"start":{"line":88,"column":44},"end":{"line":88,"column":45}}]},"7":{"loc":{"start":{"line":89,"column":20},"end":{"line":89,"column":52}},"type":"binary-expr","locations":[{"start":{"line":89,"column":20},"end":{"line":89,"column":47}},{"start":{"line":89,"column":51},"end":{"line":89,"column":52}}]},"8":{"loc":{"start":{"line":90,"column":23},"end":{"line":90,"column":56}},"type":"binary-expr","locations":[{"start":{"line":90,"column":23},"end":{"line":90,"column":51}},{"start":{"line":90,"column":55},"end":{"line":90,"column":56}}]},"9":{"loc":{"start":{"line":91,"column":18},"end":{"line":91,"column":49}},"type":"binary-expr","locations":[{"start":{"line":91,"column":18},"end":{"line":91,"column":30}},{"start":{"line":91,"column":34},"end":{"line":91,"column":49}}]},"10":{"loc":{"start":{"line":92,"column":20},"end":{"line":92,"column":41}},"type":"binary-expr","locations":[{"start":{"line":92,"column":20},"end":{"line":92,"column":35}},{"start":{"line":92,"column":39},"end":{"line":92,"column":41}}]},"11":{"loc":{"start":{"line":126,"column":18},"end":{"line":126,"column":50}},"type":"binary-expr","locations":[{"start":{"line":126,"column":18},"end":{"line":126,"column":45}},{"start":{"line":126,"column":49},"end":{"line":126,"column":50}}]},"12":{"loc":{"start":{"line":127,"column":17},"end":{"line":127,"column":46}},"type":"binary-expr","locations":[{"start":{"line":127,"column":17},"end":{"line":127,"column":41}},{"start":{"line":127,"column":45},"end":{"line":127,"column":46}}]},"13":{"loc":{"start":{"line":153,"column":23},"end":{"line":153,"column":62}},"type":"binary-expr","locations":[{"start":{"line":153,"column":23},"end":{"line":153,"column":57}},{"start":{"line":153,"column":61},"end":{"line":153,"column":62}}]},"14":{"loc":{"start":{"line":154,"column":26},"end":{"line":154,"column":66}},"type":"binary-expr","locations":[{"start":{"line":154,"column":26},"end":{"line":154,"column":61}},{"start":{"line":154,"column":65},"end":{"line":154,"column":66}}]},"15":{"loc":{"start":{"line":155,"column":30},"end":{"line":155,"column":80}},"type":"cond-expr","locations":[{"start":{"line":155,"column":50},"end":{"line":155,"column":76}},{"start":{"line":155,"column":79},"end":{"line":155,"column":80}}]},"16":{"loc":{"start":{"line":169,"column":23},"end":{"line":169,"column":57}},"type":"binary-expr","locations":[{"start":{"line":169,"column":23},"end":{"line":169,"column":52}},{"start":{"line":169,"column":56},"end":{"line":169,"column":57}}]},"17":{"loc":{"start":{"line":170,"column":24},"end":{"line":170,"column":59}},"type":"binary-expr","locations":[{"start":{"line":170,"column":24},"end":{"line":170,"column":54}},{"start":{"line":170,"column":58},"end":{"line":170,"column":59}}]},"18":{"loc":{"start":{"line":209,"column":23},"end":{"line":209,"column":56}},"type":"binary-expr","locations":[{"start":{"line":209,"column":23},"end":{"line":209,"column":51}},{"start":{"line":209,"column":55},"end":{"line":209,"column":56}}]},"19":{"loc":{"start":{"line":210,"column":20},"end":{"line":210,"column":52}},"type":"binary-expr","locations":[{"start":{"line":210,"column":20},"end":{"line":210,"column":47}},{"start":{"line":210,"column":51},"end":{"line":210,"column":52}}]},"20":{"loc":{"start":{"line":211,"column":21},"end":{"line":211,"column":52}},"type":"binary-expr","locations":[{"start":{"line":211,"column":21},"end":{"line":211,"column":47}},{"start":{"line":211,"column":51},"end":{"line":211,"column":52}}]},"21":{"loc":{"start":{"line":212,"column":20},"end":{"line":212,"column":52}},"type":"binary-expr","locations":[{"start":{"line":212,"column":20},"end":{"line":212,"column":47}},{"start":{"line":212,"column":51},"end":{"line":212,"column":52}}]},"22":{"loc":{"start":{"line":236,"column":2},"end":{"line":236,"column":44}},"type":"if","locations":[{"start":{"line":236,"column":2},"end":{"line":236,"column":44}},{"start":{},"end":{}}]}},"s":{"0":0,"1":0,"2":0,"3":0,"4":0,"5":0,"6":0,"7":0,"8":0,"9":0,"10":0,"11":0,"12":0,"13":0,"14":0,"15":0,"16":0,"17":0,"18":0,"19":0,"20":0,"21":0,"22":0,"23":0,"24":0,"25":0,"26":0,"27":0,"28":0,"29":0,"30":0,"31":0,"32":0,"33":0,"34":0,"35":0,"36":0,"37":0,"38":0,"39":0,"40":0,"41":0,"42":0,"43":0,"44":0,"45":0,"46":0,"47":0,"48":0,"49":0,"50":0,"51":0,"52":0,"53":0,"54":0,"55":0,"56":0,"57":0,"58":0,"59":0,"60":0,"61":0,"62":0,"63":0,"64":0,"65":0,"66":0,"67":0,"68":0,"69":0,"70":0,"71":0,"72":0,"73":0},"f":{"0":0,"1":0,"2":0,"3":0,"4":0,"5":0,"6":0,"7":0,"8":0,"9":0},"b":{"0":[0,0],"1":[0,0],"2":[0,0],"3":[0,0],"4":[0,0],"5":[0,0],"6":[0,0],"7":[0,0],"8":[0,0],"9":[0,0],"10":[0,0],"11":[0,0],"12":[0,0],"13":[0,0],"14":[0,0],"15":[0,0],"16":[0,0],"17":[0,0],"18":[0,0],"19":[0,0],"20":[0,0],"21":[0,0],"22":[0,0]}}
,"/Users/elizabethelisha/Documents/Claude/costco-receipt-tracker/server/src/routes/auth.ts": {"path":"/Users/elizabethelisha/Documents/Claude/costco-receipt-tracker/server/src/routes/auth.ts","statementMap":{"0":{"start":{"line":1,"column":0},"end":{"line":1,"column":52}},"1":{"start":{"line":2,"column":0},"end":{"line":2,"column":28}},"2":{"start":{"line":3,"column":0},"end":{"line":3,"column":31}},"3":{"start":{"line":4,"column":0},"end":{"line":4,"column":39}},"4":{"start":{"line":6,"column":15},"end":{"line":6,"column":23}},"5":{"start":{"line":8,"column":19},"end":{"line":8,"column":66}},"6":{"start":{"line":9,"column":23},"end":{"line":9,"column":27}},"7":{"start":{"line":10,"column":20},"end":{"line":10,"column":22}},"8":{"start":{"line":13,"column":21},"end":{"line":15,"column":1}},"9":{"start":{"line":14,"column":2},"end":{"line":14,"column":49}},"10":{"start":{"line":18,"column":0},"end":{"line":68,"column":3}},"11":{"start":{"line":19,"column":2},"end":{"line":67,"column":3}},"12":{"start":{"line":20,"column":32},"end":{"line":20,"column":40}},"13":{"start":{"line":23,"column":4},"end":{"line":26,"column":5}},"14":{"start":{"line":24,"column":6},"end":{"line":24,"column":73}},"15":{"start":{"line":25,"column":6},"end":{"line":25,"column":13}},"16":{"start":{"line":29,"column":4},"end":{"line":32,"column":5}},"17":{"start":{"line":30,"column":6},"end":{"line":30,"column":62}},"18":{"start":{"line":31,"column":6},"end":{"line":31,"column":13}},"19":{"start":{"line":35,"column":4},"end":{"line":38,"column":5}},"20":{"start":{"line":36,"column":6},"end":{"line":36,"column":80}},"21":{"start":{"line":37,"column":6},"end":{"line":37,"column":13}},"22":{"start":{"line":41,"column":25},"end":{"line":41,"column":73}},"23":{"start":{"line":42,"column":4},"end":{"line":45,"column":5}},"24":{"start":{"line":43,"column":6},"end":{"line":43,"column":77}},"25":{"start":{"line":44,"column":6},"end":{"line":44,"column":13}},"26":{"start":{"line":48,"column":25},"end":{"line":48,"column":65}},"27":{"start":{"line":51,"column":17},"end":{"line":51,"column":74}},"28":{"start":{"line":54,"column":18},"end":{"line":57,"column":null}},"29":{"start":{"line":60,"column":4},"end":{"line":63,"column":7}},"30":{"start":{"line":65,"column":4},"end":{"line":65,"column":48}},"31":{"start":{"line":66,"column":4},"end":{"line":66,"column":61}},"32":{"start":{"line":71,"column":0},"end":{"line":110,"column":3}},"33":{"start":{"line":72,"column":2},"end":{"line":109,"column":3}},"34":{"start":{"line":73,"column":32},"end":{"line":73,"column":40}},"35":{"start":{"line":76,"column":4},"end":{"line":79,"column":5}},"36":{"start":{"line":77,"column":6},"end":{"line":77,"column":73}},"37":{"start":{"line":78,"column":6},"end":{"line":78,"column":13}},"38":{"start":{"line":82,"column":17},"end":{"line":82,"column":65}},"39":{"start":{"line":83,"column":4},"end":{"line":86,"column":5}},"40":{"start":{"line":84,"column":6},"end":{"line":84,"column":61}},"41":{"start":{"line":85,"column":6},"end":{"line":85,"column":13}},"42":{"start":{"line":89,"column":28},"end":{"line":89,"column":78}},"43":{"start":{"line":90,"column":4},"end":{"line":93,"column":5}},"44":{"start":{"line":91,"column":6},"end":{"line":91,"column":61}},"45":{"start":{"line":92,"column":6},"end":{"line":92,"column":13}},"46":{"start":{"line":96,"column":18},"end":{"line":99,"column":null}},"47":{"start":{"line":102,"column":4},"end":{"line":105,"column":7}},"48":{"start":{"line":107,"column":4},"end":{"line":107,"column":41}},"49":{"start":{"line":108,"column":4},"end":{"line":108,"column":61}},"50":{"start":{"line":112,"column":0},"end":{"line":112,"column":22}}},"fnMap":{"0":{"name":"(anonymous_1)","decl":{"start":{"line":13,"column":21},"end":{"line":13,"column":22}},"loc":{"start":{"line":13,"column":48},"end":{"line":15,"column":1}}},"1":{"name":"(anonymous_2)","decl":{"start":{"line":18,"column":25},"end":{"line":18,"column":30}},"loc":{"start":{"line":18,"column":78},"end":{"line":68,"column":1}}},"2":{"name":"(anonymous_3)","decl":{"start":{"line":71,"column":22},"end":{"line":71,"column":27}},"loc":{"start":{"line":71,"column":75},"end":{"line":110,"column":1}}}},"branchMap":{"0":{"loc":{"start":{"line":8,"column":19},"end":{"line":8,"column":66}},"type":"binary-expr","locations":[{"start":{"line":8,"column":19},"end":{"line":8,"column":41}},{"start":{"line":8,"column":45},"end":{"line":8,"column":66}}]},"1":{"loc":{"start":{"line":14,"column":9},"end":{"line":14,"column":48}},"type":"binary-expr","locations":[{"start":{"line":14,"column":9},"end":{"line":14,"column":28}},{"start":{"line":14,"column":32},"end":{"line":14,"column":48}}]},"2":{"loc":{"start":{"line":23,"column":4},"end":{"line":26,"column":5}},"type":"if","locations":[{"start":{"line":23,"column":4},"end":{"line":26,"column":5}},{"start":{},"end":{}}]},"3":{"loc":{"start":{"line":23,"column":8},"end":{"line":23,"column":27}},"type":"binary-expr","locations":[{"start":{"line":23,"column":8},"end":{"line":23,"column":14}},{"start":{"line":23,"column":18},"end":{"line":23,"column":27}}]},"4":{"loc":{"start":{"line":29,"column":4},"end":{"line":32,"column":5}},"type":"if","locations":[{"start":{"line":29,"column":4},"end":{"line":32,"column":5}},{"start":{},"end":{}}]},"5":{"loc":{"start":{"line":35,"column":4},"end":{"line":38,"column":5}},"type":"if","locations":[{"start":{"line":35,"column":4},"end":{"line":38,"column":5}},{"start":{},"end":{}}]},"6":{"loc":{"start":{"line":42,"column":4},"end":{"line":45,"column":5}},"type":"if","locations":[{"start":{"line":42,"column":4},"end":{"line":45,"column":5}},{"start":{},"end":{}}]},"7":{"loc":{"start":{"line":76,"column":4},"end":{"line":79,"column":5}},"type":"if","locations":[{"start":{"line":76,"column":4},"end":{"line":79,"column":5}},{"start":{},"end":{}}]},"8":{"loc":{"start":{"line":76,"column":8},"end":{"line":76,"column":27}},"type":"binary-expr","locations":[{"start":{"line":76,"column":8},"end":{"line":76,"column":14}},{"start":{"line":76,"column":18},"end":{"line":76,"column":27}}]},"9":{"loc":{"start":{"line":83,"column":4},"end":{"line":86,"column":5}},"type":"if","locations":[{"start":{"line":83,"column":4},"end":{"line":86,"column":5}},{"start":{},"end":{}}]},"10":{"loc":{"start":{"line":90,"column":4},"end":{"line":93,"column":5}},"type":"if","locations":[{"start":{"line":90,"column":4},"end":{"line":93,"column":5}},{"start":{},"end":{}}]}},"s":{"0":1,"1":1,"2":1,"3":1,"4":1,"5":1,"6":1,"7":1,"8":1,"9":5,"10":1,"11":7,"12":7,"13":7,"14":2,"15":2,"16":5,"17":1,"18":1,"19":4,"20":1,"21":1,"22":3,"23":3,"24":1,"25":1,"26":2,"27":2,"28":2,"29":2,"30":0,"31":0,"32":1,"33":6,"34":6,"35":6,"36":2,"37":2,"38":4,"39":4,"40":2,"41":2,"42":2,"43":2,"44":1,"45":1,"46":1,"47":1,"48":0,"49":0,"50":1},"f":{"0":5,"1":7,"2":6},"b":{"0":[1,0],"1":[5,4],"2":[2,5],"3":[7,6],"4":[1,4],"5":[1,3],"6":[1,2],"7":[2,4],"8":[6,5],"9":[2,2],"10":[1,1]}}
,"/Users/elizabethelisha/Documents/Claude/costco-receipt-tracker/server/src/routes/receipts.ts": {"path":"/Users/elizabethelisha/Documents/Claude/costco-receipt-tracker/server/src/routes/receipts.ts","statementMap":{"0":{"start":{"line":1,"column":0},"end":{"line":1,"column":66}},"1":{"start":{"line":2,"column":0},"end":{"line":2,"column":28}},"2":{"start":{"line":3,"column":0},"end":{"line":3,"column":20}},"3":{"start":{"line":5,"column":0},"end":{"line":5,"column":50}},"4":{"start":{"line":6,"column":0},"end":{"line":6,"column":52}},"5":{"start":{"line":7,"column":0},"end":{"line":7,"column":45}},"6":{"start":{"line":8,"column":0},"end":{"line":8,"column":39}},"7":{"start":{"line":9,"column":0},"end":{"line":9,"column":38}},"8":{"start":{"line":11,"column":15},"end":{"line":11,"column":23}},"9":{"start":{"line":14,"column":15},"end":{"line":14,"column":43}},"10":{"start":{"line":18,"column":22},"end":{"line":20,"column":1}},"11":{"start":{"line":19,"column":2},"end":{"line":19,"column":37}},"12":{"start":{"line":23,"column":21},"end":{"line":34,"column":1}},"13":{"start":{"line":24,"column":21},"end":{"line":24,"column":46}},"14":{"start":{"line":26,"column":2},"end":{"line":30,"column":3}},"15":{"start":{"line":28,"column":4},"end":{"line":28,"column":11}},"16":{"start":{"line":29,"column":4},"end":{"line":29,"column":11}},"17":{"start":{"line":33,"column":2},"end":{"line":33,"column":31}},"18":{"start":{"line":37,"column":0},"end":{"line":147,"column":3}},"19":{"start":{"line":38,"column":2},"end":{"line":146,"column":3}},"20":{"start":{"line":40,"column":4},"end":{"line":43,"column":5}},"21":{"start":{"line":41,"column":6},"end":{"line":41,"column":66}},"22":{"start":{"line":42,"column":6},"end":{"line":42,"column":13}},"23":{"start":{"line":45,"column":21},"end":{"line":45,"column":34}},"24":{"start":{"line":47,"column":4},"end":{"line":142,"column":5}},"25":{"start":{"line":49,"column":26},"end":{"line":49,"column":51}},"26":{"start":{"line":53,"column":6},"end":{"line":68,"column":7}},"27":{"start":{"line":54,"column":8},"end":{"line":54,"column":63}},"28":{"start":{"line":56,"column":8},"end":{"line":56,"column":58}},"29":{"start":{"line":58,"column":8},"end":{"line":67,"column":10}},"30":{"start":{"line":71,"column":23},"end":{"line":71,"column":46}},"31":{"start":{"line":74,"column":6},"end":{"line":89,"column":7}},"32":{"start":{"line":76,"column":8},"end":{"line":78,"column":9}},"33":{"start":{"line":77,"column":10},"end":{"line":77,"column":34}},"34":{"start":{"line":79,"column":8},"end":{"line":87,"column":11}},"35":{"start":{"line":88,"column":8},"end":{"line":88,"column":15}},"36":{"start":{"line":92,"column":22},"end":{"line":102,"column":8}},"37":{"start":{"line":105,"column":30},"end":{"line":105,"column":32}},"38":{"start":{"line":106,"column":6},"end":{"line":125,"column":7}},"39":{"start":{"line":107,"column":30},"end":{"line":116,"column":11}},"40":{"start":{"line":107,"column":66},"end":{"line":116,"column":10}},"41":{"start":{"line":117,"column":8},"end":{"line":117,"column":64}},"42":{"start":{"line":121,"column":8},"end":{"line":124,"column":9}},"43":{"start":{"line":122,"column":34},"end":{"line":122,"column":105}},"44":{"start":{"line":122,"column":67},"end":{"line":122,"column":101}},"45":{"start":{"line":123,"column":10},"end":{"line":123,"column":95}},"46":{"start":{"line":127,"column":6},"end":{"line":135,"column":9}},"47":{"start":{"line":138,"column":6},"end":{"line":140,"column":7}},"48":{"start":{"line":139,"column":8},"end":{"line":139,"column":32}},"49":{"start":{"line":141,"column":6},"end":{"line":141,"column":23}},"50":{"start":{"line":144,"column":4},"end":{"line":144,"column":42}},"51":{"start":{"line":145,"column":4},"end":{"line":145,"column":65}},"52":{"start":{"line":150,"column":0},"end":{"line":233,"column":3}},"53":{"start":{"line":151,"column":2},"end":{"line":232,"column":3}},"54":{"start":{"line":152,"column":19},"end":{"line":152,"column":30}},"55":{"start":{"line":153,"column":75},"end":{"line":153,"column":84}},"56":{"start":{"line":156,"column":16},"end":{"line":174,"column":6}},"57":{"start":{"line":175,"column":26},"end":{"line":175,"column":34}},"58":{"start":{"line":176,"column":21},"end":{"line":176,"column":22}},"59":{"start":{"line":179,"column":4},"end":{"line":185,"column":5}},"60":{"start":{"line":180,"column":6},"end":{"line":182,"column":10}},"61":{"start":{"line":183,"column":6},"end":{"line":183,"column":33}},"62":{"start":{"line":184,"column":6},"end":{"line":184,"column":19}},"63":{"start":{"line":188,"column":4},"end":{"line":192,"column":5}},"64":{"start":{"line":189,"column":6},"end":{"line":189,"column":56}},"65":{"start":{"line":190,"column":6},"end":{"line":190,"column":29}},"66":{"start":{"line":191,"column":6},"end":{"line":191,"column":19}},"67":{"start":{"line":193,"column":4},"end":{"line":197,"column":5}},"68":{"start":{"line":194,"column":6},"end":{"line":194,"column":56}},"69":{"start":{"line":195,"column":6},"end":{"line":195,"column":27}},"70":{"start":{"line":196,"column":6},"end":{"line":196,"column":19}},"71":{"start":{"line":200,"column":4},"end":{"line":204,"column":5}},"72":{"start":{"line":201,"column":6},"end":{"line":201,"column":55}},"73":{"start":{"line":202,"column":6},"end":{"line":202,"column":51}},"74":{"start":{"line":203,"column":6},"end":{"line":203,"column":19}},"75":{"start":{"line":205,"column":4},"end":{"line":209,"column":5}},"76":{"start":{"line":206,"column":6},"end":{"line":206,"column":55}},"77":{"start":{"line":207,"column":6},"end":{"line":207,"column":51}},"78":{"start":{"line":208,"column":6},"end":{"line":208,"column":19}},"79":{"start":{"line":212,"column":4},"end":{"line":218,"column":5}},"80":{"start":{"line":213,"column":6},"end":{"line":215,"column":9}},"81":{"start":{"line":216,"column":6},"end":{"line":216,"column":28}},"82":{"start":{"line":217,"column":6},"end":{"line":217,"column":19}},"83":{"start":{"line":220,"column":4},"end":{"line":220,"column":80}},"84":{"start":{"line":222,"column":19},"end":{"line":222,"column":50}},"85":{"start":{"line":224,"column":4},"end":{"line":228,"column":7}},"86":{"start":{"line":230,"column":4},"end":{"line":230,"column":48}},"87":{"start":{"line":231,"column":4},"end":{"line":231,"column":64}},"88":{"start":{"line":236,"column":0},"end":{"line":262,"column":3}},"89":{"start":{"line":237,"column":2},"end":{"line":261,"column":3}},"90":{"start":{"line":238,"column":19},"end":{"line":238,"column":30}},"91":{"start":{"line":239,"column":19},"end":{"line":239,"column":29}},"92":{"start":{"line":242,"column":20},"end":{"line":242,"column":59}},"93":{"start":{"line":243,"column":4},"end":{"line":246,"column":5}},"94":{"start":{"line":244,"column":6},"end":{"line":244,"column":59}},"95":{"start":{"line":245,"column":6},"end":{"line":245,"column":13}},"96":{"start":{"line":249,"column":18},"end":{"line":249,"column":53}},"97":{"start":{"line":251,"column":4},"end":{"line":257,"column":7}},"98":{"start":{"line":259,"column":4},"end":{"line":259,"column":47}},"99":{"start":{"line":260,"column":4},"end":{"line":260,"column":63}},"100":{"start":{"line":265,"column":0},"end":{"line":318,"column":3}},"101":{"start":{"line":266,"column":2},"end":{"line":317,"column":3}},"102":{"start":{"line":267,"column":19},"end":{"line":267,"column":30}},"103":{"start":{"line":268,"column":19},"end":{"line":268,"column":29}},"104":{"start":{"line":269,"column":52},"end":{"line":269,"column":60}},"105":{"start":{"line":272,"column":4},"end":{"line":275,"column":5}},"106":{"start":{"line":273,"column":6},"end":{"line":273,"column":84}},"107":{"start":{"line":274,"column":6},"end":{"line":274,"column":13}},"108":{"start":{"line":278,"column":20},"end":{"line":278,"column":59}},"109":{"start":{"line":279,"column":4},"end":{"line":282,"column":5}},"110":{"start":{"line":280,"column":6},"end":{"line":280,"column":59}},"111":{"start":{"line":281,"column":6},"end":{"line":281,"column":13}},"112":{"start":{"line":285,"column":23},"end":{"line":285,"column":65}},"113":{"start":{"line":288,"column":20},"end":{"line":295,"column":6}},"114":{"start":{"line":303,"column":21},"end":{"line":303,"column":56}},"115":{"start":{"line":304,"column":27},"end":{"line":304,"column":66}},"116":{"start":{"line":306,"column":4},"end":{"line":313,"column":7}},"117":{"start":{"line":315,"column":4},"end":{"line":315,"column":44}},"118":{"start":{"line":316,"column":4},"end":{"line":316,"column":58}},"119":{"start":{"line":321,"column":0},"end":{"line":361,"column":3}},"120":{"start":{"line":322,"column":2},"end":{"line":360,"column":3}},"121":{"start":{"line":323,"column":19},"end":{"line":323,"column":30}},"122":{"start":{"line":324,"column":19},"end":{"line":324,"column":29}},"123":{"start":{"line":325,"column":101},"end":{"line":325,"column":109}},"124":{"start":{"line":328,"column":20},"end":{"line":328,"column":59}},"125":{"start":{"line":329,"column":4},"end":{"line":332,"column":5}},"126":{"start":{"line":330,"column":6},"end":{"line":330,"column":59}},"127":{"start":{"line":331,"column":6},"end":{"line":331,"column":13}},"128":{"start":{"line":335,"column":28},"end":{"line":335,"column":30}},"129":{"start":{"line":336,"column":4},"end":{"line":336,"column":67}},"130":{"start":{"line":336,"column":33},"end":{"line":336,"column":67}},"131":{"start":{"line":337,"column":4},"end":{"line":337,"column":79}},"132":{"start":{"line":337,"column":37},"end":{"line":337,"column":79}},"133":{"start":{"line":338,"column":4},"end":{"line":338,"column":67}},"134":{"start":{"line":338,"column":33},"end":{"line":338,"column":67}},"135":{"start":{"line":339,"column":4},"end":{"line":339,"column":70}},"136":{"start":{"line":339,"column":34},"end":{"line":339,"column":70}},"137":{"start":{"line":340,"column":4},"end":{"line":340,"column":64}},"138":{"start":{"line":340,"column":32},"end":{"line":340,"column":64}},"139":{"start":{"line":341,"column":4},"end":{"line":341,"column":76}},"140":{"start":{"line":341,"column":36},"end":{"line":341,"column":76}},"141":{"start":{"line":342,"column":4},"end":{"line":342,"column":85}},"142":{"start":{"line":342,"column":35},"end":{"line":342,"column":85}},"143":{"start":{"line":345,"column":27},"end":{"line":345,"column":76}},"144":{"start":{"line":348,"column":18},"end":{"line":348,"column":53}},"145":{"start":{"line":350,"column":4},"end":{"line":356,"column":7}},"146":{"start":{"line":358,"column":4},"end":{"line":358,"column":50}},"147":{"start":{"line":359,"column":4},"end":{"line":359,"column":64}},"148":{"start":{"line":364,"column":0},"end":{"line":431,"column":3}},"149":{"start":{"line":365,"column":2},"end":{"line":430,"column":3}},"150":{"start":{"line":366,"column":19},"end":{"line":366,"column":30}},"151":{"start":{"line":367,"column":33},"end":{"line":367,"column":41}},"152":{"start":{"line":369,"column":4},"end":{"line":372,"column":5}},"153":{"start":{"line":370,"column":6},"end":{"line":370,"column":72}},"154":{"start":{"line":371,"column":6},"end":{"line":371,"column":13}},"155":{"start":{"line":384,"column":8},"end":{"line":384,"column":24}},"156":{"start":{"line":387,"column":20},"end":{"line":397,"column":6}},"157":{"start":{"line":400,"column":28},"end":{"line":400,"column":30}},"158":{"start":{"line":401,"column":4},"end":{"line":420,"column":5}},"159":{"start":{"line":402,"column":28},"end":{"line":411,"column":9}},"160":{"start":{"line":402,"column":69},"end":{"line":411,"column":8}},"161":{"start":{"line":412,"column":6},"end":{"line":412,"column":62}},"162":{"start":{"line":415,"column":30},"end":{"line":417,"column":null}},"163":{"start":{"line":416,"column":23},"end":{"line":416,"column":57}},"164":{"start":{"line":419,"column":6},"end":{"line":419,"column":87}},"165":{"start":{"line":422,"column":4},"end":{"line":426,"column":7}},"166":{"start":{"line":428,"column":4},"end":{"line":428,"column":54}},"167":{"start":{"line":429,"column":4},"end":{"line":429,"column":68}},"168":{"start":{"line":434,"column":0},"end":{"line":482,"column":3}},"169":{"start":{"line":435,"column":2},"end":{"line":481,"column":3}},"170":{"start":{"line":436,"column":19},"end":{"line":436,"column":30}},"171":{"start":{"line":437,"column":27},"end":{"line":437,"column":37}},"172":{"start":{"line":438,"column":52},"end":{"line":438,"column":60}},"173":{"start":{"line":441,"column":20},"end":{"line":441,"column":59}},"174":{"start":{"line":442,"column":4},"end":{"line":445,"column":5}},"175":{"start":{"line":443,"column":6},"end":{"line":443,"column":59}},"176":{"start":{"line":444,"column":6},"end":{"line":444,"column":13}},"177":{"start":{"line":448,"column":25},"end":{"line":448,"column":61}},"178":{"start":{"line":449,"column":4},"end":{"line":452,"column":5}},"179":{"start":{"line":450,"column":6},"end":{"line":450,"column":56}},"180":{"start":{"line":451,"column":6},"end":{"line":451,"column":13}},"181":{"start":{"line":455,"column":28},"end":{"line":455,"column":30}},"182":{"start":{"line":456,"column":4},"end":{"line":456,"column":51}},"183":{"start":{"line":456,"column":28},"end":{"line":456,"column":51}},"184":{"start":{"line":457,"column":4},"end":{"line":457,"column":79}},"185":{"start":{"line":457,"column":33},"end":{"line":457,"column":79}},"186":{"start":{"line":458,"column":4},"end":{"line":458,"column":73}},"187":{"start":{"line":458,"column":32},"end":{"line":458,"column":73}},"188":{"start":{"line":459,"column":4},"end":{"line":459,"column":71}},"189":{"start":{"line":459,"column":32},"end":{"line":459,"column":71}},"190":{"start":{"line":462,"column":25},"end":{"line":462,"column":73}},"191":{"start":{"line":463,"column":24},"end":{"line":463,"column":68}},"192":{"start":{"line":464,"column":4},"end":{"line":464,"column":56}},"193":{"start":{"line":467,"column":24},"end":{"line":467,"column":70}},"194":{"start":{"line":474,"column":4},"end":{"line":477,"column":7}},"195":{"start":{"line":479,"column":4},"end":{"line":479,"column":47}},"196":{"start":{"line":480,"column":4},"end":{"line":480,"column":61}},"197":{"start":{"line":485,"column":0},"end":{"line":520,"column":3}},"198":{"start":{"line":486,"column":2},"end":{"line":519,"column":3}},"199":{"start":{"line":487,"column":19},"end":{"line":487,"column":30}},"200":{"start":{"line":488,"column":27},"end":{"line":488,"column":37}},"201":{"start":{"line":491,"column":20},"end":{"line":491,"column":59}},"202":{"start":{"line":492,"column":4},"end":{"line":495,"column":5}},"203":{"start":{"line":493,"column":6},"end":{"line":493,"column":59}},"204":{"start":{"line":494,"column":6},"end":{"line":494,"column":13}},"205":{"start":{"line":498,"column":25},"end":{"line":498,"column":61}},"206":{"start":{"line":499,"column":4},"end":{"line":502,"column":5}},"207":{"start":{"line":500,"column":6},"end":{"line":500,"column":56}},"208":{"start":{"line":501,"column":6},"end":{"line":501,"column":13}},"209":{"start":{"line":505,"column":4},"end":{"line":505,"column":39}},"210":{"start":{"line":512,"column":4},"end":{"line":515,"column":7}},"211":{"start":{"line":517,"column":4},"end":{"line":517,"column":47}},"212":{"start":{"line":518,"column":4},"end":{"line":518,"column":61}},"213":{"start":{"line":523,"column":0},"end":{"line":547,"column":3}},"214":{"start":{"line":524,"column":2},"end":{"line":546,"column":3}},"215":{"start":{"line":525,"column":19},"end":{"line":525,"column":30}},"216":{"start":{"line":526,"column":19},"end":{"line":526,"column":29}},"217":{"start":{"line":529,"column":20},"end":{"line":529,"column":59}},"218":{"start":{"line":530,"column":4},"end":{"line":533,"column":5}},"219":{"start":{"line":531,"column":6},"end":{"line":531,"column":59}},"220":{"start":{"line":532,"column":6},"end":{"line":532,"column":13}},"221":{"start":{"line":536,"column":20},"end":{"line":536,"column":57}},"222":{"start":{"line":538,"column":4},"end":{"line":542,"column":5}},"223":{"start":{"line":539,"column":6},"end":{"line":539,"column":62}},"224":{"start":{"line":541,"column":6},"end":{"line":541,"column":66}},"225":{"start":{"line":544,"column":4},"end":{"line":544,"column":50}},"226":{"start":{"line":545,"column":4},"end":{"line":545,"column":64}},"227":{"start":{"line":549,"column":0},"end":{"line":549,"column":22}}},"fnMap":{"0":{"name":"(anonymous_1)","decl":{"start":{"line":18,"column":22},"end":{"line":18,"column":23}},"loc":{"start":{"line":18,"column":60},"end":{"line":20,"column":1}}},"1":{"name":"(anonymous_2)","decl":{"start":{"line":23,"column":21},"end":{"line":23,"column":22}},"loc":{"start":{"line":23,"column":79},"end":{"line":34,"column":1}}},"2":{"name":"(anonymous_3)","decl":{"start":{"line":37,"column":63},"end":{"line":37,"column":68}},"loc":{"start":{"line":37,"column":116},"end":{"line":147,"column":1}}},"3":{"name":"(anonymous_4)","decl":{"start":{"line":107,"column":48},"end":{"line":107,"column":49}},"loc":{"start":{"line":107,"column":66},"end":{"line":116,"column":10}}},"4":{"name":"(anonymous_5)","decl":{"start":{"line":122,"column":52},"end":{"line":122,"column":53}},"loc":{"start":{"line":122,"column":67},"end":{"line":122,"column":101}}},"5":{"name":"(anonymous_6)","decl":{"start":{"line":150,"column":30},"end":{"line":150,"column":35}},"loc":{"start":{"line":150,"column":83},"end":{"line":233,"column":1}}},"6":{"name":"(anonymous_7)","decl":{"start":{"line":236,"column":33},"end":{"line":236,"column":38}},"loc":{"start":{"line":236,"column":86},"end":{"line":262,"column":1}}},"7":{"name":"(anonymous_8)","decl":{"start":{"line":265,"column":40},"end":{"line":265,"column":45}},"loc":{"start":{"line":265,"column":93},"end":{"line":318,"column":1}}},"8":{"name":"(anonymous_9)","decl":{"start":{"line":321,"column":35},"end":{"line":321,"column":40}},"loc":{"start":{"line":321,"column":88},"end":{"line":361,"column":1}}},"9":{"name":"(anonymous_10)","decl":{"start":{"line":364,"column":41},"end":{"line":364,"column":46}},"loc":{"start":{"line":364,"column":94},"end":{"line":431,"column":1}}},"10":{"name":"(anonymous_11)","decl":{"start":{"line":402,"column":38},"end":{"line":402,"column":39}},"loc":{"start":{"line":402,"column":69},"end":{"line":411,"column":8}}},"11":{"name":"(anonymous_12)","decl":{"start":{"line":416,"column":8},"end":{"line":416,"column":9}},"loc":{"start":{"line":416,"column":23},"end":{"line":416,"column":57}}},"12":{"name":"(anonymous_13)","decl":{"start":{"line":434,"column":47},"end":{"line":434,"column":52}},"loc":{"start":{"line":434,"column":100},"end":{"line":482,"column":1}}},"13":{"name":"(anonymous_14)","decl":{"start":{"line":485,"column":50},"end":{"line":485,"column":55}},"loc":{"start":{"line":485,"column":103},"end":{"line":520,"column":1}}},"14":{"name":"(anonymous_15)","decl":{"start":{"line":523,"column":36},"end":{"line":523,"column":41}},"loc":{"start":{"line":523,"column":89},"end":{"line":547,"column":1}}}},"branchMap":{"0":{"loc":{"start":{"line":26,"column":2},"end":{"line":30,"column":3}},"type":"if","locations":[{"start":{"line":26,"column":2},"end":{"line":30,"column":3}},{"start":{},"end":{}}]},"1":{"loc":{"start":{"line":26,"column":6},"end":{"line":26,"column":54}},"type":"binary-expr","locations":[{"start":{"line":26,"column":6},"end":{"line":26,"column":17}},{"start":{"line":26,"column":21},"end":{"line":26,"column":54}}]},"2":{"loc":{"start":{"line":40,"column":4},"end":{"line":43,"column":5}},"type":"if","locations":[{"start":{"line":40,"column":4},"end":{"line":43,"column":5}},{"start":{},"end":{}}]},"3":{"loc":{"start":{"line":74,"column":6},"end":{"line":89,"column":7}},"type":"if","locations":[{"start":{"line":74,"column":6},"end":{"line":89,"column":7}},{"start":{},"end":{}}]},"4":{"loc":{"start":{"line":76,"column":8},"end":{"line":78,"column":9}},"type":"if","locations":[{"start":{"line":76,"column":8},"end":{"line":78,"column":9}},{"start":{},"end":{}}]},"5":{"loc":{"start":{"line":106,"column":6},"end":{"line":125,"column":7}},"type":"if","locations":[{"start":{"line":106,"column":6},"end":{"line":125,"column":7}},{"start":{},"end":{}}]},"6":{"loc":{"start":{"line":114,"column":22},"end":{"line":114,"column":46}},"type":"binary-expr","locations":[{"start":{"line":114,"column":22},"end":{"line":114,"column":37}},{"start":{"line":114,"column":41},"end":{"line":114,"column":46}}]},"7":{"loc":{"start":{"line":115,"column":23},"end":{"line":115,"column":46}},"type":"binary-expr","locations":[{"start":{"line":115,"column":23},"end":{"line":115,"column":38}},{"start":{"line":115,"column":42},"end":{"line":115,"column":46}}]},"8":{"loc":{"start":{"line":121,"column":8},"end":{"line":124,"column":9}},"type":"if","locations":[{"start":{"line":121,"column":8},"end":{"line":124,"column":9}},{"start":{},"end":{}}]},"9":{"loc":{"start":{"line":121,"column":12},"end":{"line":121,"column":61}},"type":"binary-expr","locations":[{"start":{"line":121,"column":12},"end":{"line":121,"column":32}},{"start":{"line":121,"column":36},"end":{"line":121,"column":61}}]},"10":{"loc":{"start":{"line":138,"column":6},"end":{"line":140,"column":7}},"type":"if","locations":[{"start":{"line":138,"column":6},"end":{"line":140,"column":7}},{"start":{},"end":{}}]},"11":{"loc":{"start":{"line":179,"column":4},"end":{"line":185,"column":5}},"type":"if","locations":[{"start":{"line":179,"column":4},"end":{"line":185,"column":5}},{"start":{},"end":{}}]},"12":{"loc":{"start":{"line":188,"column":4},"end":{"line":192,"column":5}},"type":"if","locations":[{"start":{"line":188,"column":4},"end":{"line":192,"column":5}},{"start":{},"end":{}}]},"13":{"loc":{"start":{"line":193,"column":4},"end":{"line":197,"column":5}},"type":"if","locations":[{"start":{"line":193,"column":4},"end":{"line":197,"column":5}},{"start":{},"end":{}}]},"14":{"loc":{"start":{"line":200,"column":4},"end":{"line":204,"column":5}},"type":"if","locations":[{"start":{"line":200,"column":4},"end":{"line":204,"column":5}},{"start":{},"end":{}}]},"15":{"loc":{"start":{"line":205,"column":4},"end":{"line":209,"column":5}},"type":"if","locations":[{"start":{"line":205,"column":4},"end":{"line":209,"column":5}},{"start":{},"end":{}}]},"16":{"loc":{"start":{"line":212,"column":4},"end":{"line":218,"column":5}},"type":"if","locations":[{"start":{"line":212,"column":4},"end":{"line":218,"column":5}},{"start":{},"end":{}}]},"17":{"loc":{"start":{"line":243,"column":4},"end":{"line":246,"column":5}},"type":"if","locations":[{"start":{"line":243,"column":4},"end":{"line":246,"column":5}},{"start":{},"end":{}}]},"18":{"loc":{"start":{"line":272,"column":4},"end":{"line":275,"column":5}},"type":"if","locations":[{"start":{"line":272,"column":4},"end":{"line":275,"column":5}},{"start":{},"end":{}}]},"19":{"loc":{"start":{"line":272,"column":8},"end":{"line":272,"column":66}},"type":"binary-expr","locations":[{"start":{"line":272,"column":8},"end":{"line":272,"column":13}},{"start":{"line":272,"column":17},"end":{"line":272,"column":40}},{"start":{"line":272,"column":44},"end":{"line":272,"column":66}}]},"20":{"loc":{"start":{"line":279,"column":4},"end":{"line":282,"column":5}},"type":"if","locations":[{"start":{"line":279,"column":4},"end":{"line":282,"column":5}},{"start":{},"end":{}}]},"21":{"loc":{"start":{"line":294,"column":16},"end":{"line":294,"column":32}},"type":"binary-expr","locations":[{"start":{"line":294,"column":16},"end":{"line":294,"column":24}},{"start":{"line":294,"column":28},"end":{"line":294,"column":32}}]},"22":{"loc":{"start":{"line":329,"column":4},"end":{"line":332,"column":5}},"type":"if","locations":[{"start":{"line":329,"column":4},"end":{"line":332,"column":5}},{"start":{},"end":{}}]},"23":{"loc":{"start":{"line":336,"column":4},"end":{"line":336,"column":67}},"type":"if","locations":[{"start":{"line":336,"column":4},"end":{"line":336,"column":67}},{"start":{},"end":{}}]},"24":{"loc":{"start":{"line":337,"column":4},"end":{"line":337,"column":79}},"type":"if","locations":[{"start":{"line":337,"column":4},"end":{"line":337,"column":79}},{"start":{},"end":{}}]},"25":{"loc":{"start":{"line":338,"column":4},"end":{"line":338,"column":67}},"type":"if","locations":[{"start":{"line":338,"column":4},"end":{"line":338,"column":67}},{"start":{},"end":{}}]},"26":{"loc":{"start":{"line":339,"column":4},"end":{"line":339,"column":70}},"type":"if","locations":[{"start":{"line":339,"column":4},"end":{"line":339,"column":70}},{"start":{},"end":{}}]},"27":{"loc":{"start":{"line":340,"column":4},"end":{"line":340,"column":64}},"type":"if","locations":[{"start":{"line":340,"column":4},"end":{"line":340,"column":64}},{"start":{},"end":{}}]},"28":{"loc":{"start":{"line":341,"column":4},"end":{"line":341,"column":76}},"type":"if","locations":[{"start":{"line":341,"column":4},"end":{"line":341,"column":76}},{"start":{},"end":{}}]},"29":{"loc":{"start":{"line":342,"column":4},"end":{"line":342,"column":85}},"type":"if","locations":[{"start":{"line":342,"column":4},"end":{"line":342,"column":85}},{"start":{},"end":{}}]},"30":{"loc":{"start":{"line":369,"column":4},"end":{"line":372,"column":5}},"type":"if","locations":[{"start":{"line":369,"column":4},"end":{"line":372,"column":5}},{"start":{},"end":{}}]},"31":{"loc":{"start":{"line":389,"column":17},"end":{"line":389,"column":31}},"type":"binary-expr","locations":[{"start":{"line":389,"column":17},"end":{"line":389,"column":25}},{"start":{"line":389,"column":29},"end":{"line":389,"column":31}}]},"32":{"loc":{"start":{"line":390,"column":21},"end":{"line":390,"column":71}},"type":"cond-expr","locations":[{"start":{"line":390,"column":36},"end":{"line":390,"column":58}},{"start":{"line":390,"column":61},"end":{"line":390,"column":71}}]},"33":{"loc":{"start":{"line":391,"column":20},"end":{"line":391,"column":36}},"type":"binary-expr","locations":[{"start":{"line":391,"column":20},"end":{"line":391,"column":31}},{"start":{"line":391,"column":35},"end":{"line":391,"column":36}}]},"34":{"loc":{"start":{"line":392,"column":18},"end":{"line":392,"column":39}},"type":"binary-expr","locations":[{"start":{"line":392,"column":18},"end":{"line":392,"column":27}},{"start":{"line":392,"column":31},"end":{"line":392,"column":39}}]},"35":{"loc":{"start":{"line":393,"column":22},"end":{"line":393,"column":41}},"type":"binary-expr","locations":[{"start":{"line":393,"column":22},"end":{"line":393,"column":35}},{"start":{"line":393,"column":39},"end":{"line":393,"column":41}}]},"36":{"loc":{"start":{"line":394,"column":18},"end":{"line":394,"column":33}},"type":"binary-expr","locations":[{"start":{"line":394,"column":18},"end":{"line":394,"column":27}},{"start":{"line":394,"column":31},"end":{"line":394,"column":33}}]},"37":{"loc":{"start":{"line":395,"column":19},"end":{"line":395,"column":35}},"type":"binary-expr","locations":[{"start":{"line":395,"column":19},"end":{"line":395,"column":29}},{"start":{"line":395,"column":33},"end":{"line":395,"column":35}}]},"38":{"loc":{"start":{"line":396,"column":17},"end":{"line":396,"column":31}},"type":"binary-expr","locations":[{"start":{"line":396,"column":17},"end":{"line":396,"column":25}},{"start":{"line":396,"column":29},"end":{"line":396,"column":31}}]},"39":{"loc":{"start":{"line":401,"column":4},"end":{"line":420,"column":5}},"type":"if","locations":[{"start":{"line":401,"column":4},"end":{"line":420,"column":5}},{"start":{},"end":{}}]},"40":{"loc":{"start":{"line":401,"column":8},"end":{"line":401,"column":33}},"type":"binary-expr","locations":[{"start":{"line":401,"column":8},"end":{"line":401,"column":13}},{"start":{"line":401,"column":17},"end":{"line":401,"column":33}}]},"41":{"loc":{"start":{"line":405,"column":20},"end":{"line":405,"column":39}},"type":"binary-expr","locations":[{"start":{"line":405,"column":20},"end":{"line":405,"column":34}},{"start":{"line":405,"column":38},"end":{"line":405,"column":39}}]},"42":{"loc":{"start":{"line":406,"column":18},"end":{"line":406,"column":36}},"type":"binary-expr","locations":[{"start":{"line":406,"column":18},"end":{"line":406,"column":31}},{"start":{"line":406,"column":35},"end":{"line":406,"column":36}}]},"43":{"loc":{"start":{"line":407,"column":21},"end":{"line":407,"column":41}},"type":"binary-expr","locations":[{"start":{"line":407,"column":21},"end":{"line":407,"column":36}},{"start":{"line":407,"column":40},"end":{"line":407,"column":41}}]},"44":{"loc":{"start":{"line":408,"column":18},"end":{"line":408,"column":39}},"type":"binary-expr","locations":[{"start":{"line":408,"column":18},"end":{"line":408,"column":31}},{"start":{"line":408,"column":35},"end":{"line":408,"column":39}}]},"45":{"loc":{"start":{"line":409,"column":20},"end":{"line":409,"column":44}},"type":"binary-expr","locations":[{"start":{"line":409,"column":20},"end":{"line":409,"column":35}},{"start":{"line":409,"column":39},"end":{"line":409,"column":44}}]},"46":{"loc":{"start":{"line":410,"column":21},"end":{"line":410,"column":44}},"type":"binary-expr","locations":[{"start":{"line":410,"column":21},"end":{"line":410,"column":36}},{"start":{"line":410,"column":40},"end":{"line":410,"column":44}}]},"47":{"loc":{"start":{"line":442,"column":4},"end":{"line":445,"column":5}},"type":"if","locations":[{"start":{"line":442,"column":4},"end":{"line":445,"column":5}},{"start":{},"end":{}}]},"48":{"loc":{"start":{"line":449,"column":4},"end":{"line":452,"column":5}},"type":"if","locations":[{"start":{"line":449,"column":4},"end":{"line":452,"column":5}},{"start":{},"end":{}}]},"49":{"loc":{"start":{"line":456,"column":4},"end":{"line":456,"column":51}},"type":"if","locations":[{"start":{"line":456,"column":4},"end":{"line":456,"column":51}},{"start":{},"end":{}}]},"50":{"loc":{"start":{"line":457,"column":4},"end":{"line":457,"column":79}},"type":"if","locations":[{"start":{"line":457,"column":4},"end":{"line":457,"column":79}},{"start":{},"end":{}}]},"51":{"loc":{"start":{"line":458,"column":4},"end":{"line":458,"column":73}},"type":"if","locations":[{"start":{"line":458,"column":4},"end":{"line":458,"column":73}},{"start":{},"end":{}}]},"52":{"loc":{"start":{"line":459,"column":4},"end":{"line":459,"column":71}},"type":"if","locations":[{"start":{"line":459,"column":4},"end":{"line":459,"column":71}},{"start":{},"end":{}}]},"53":{"loc":{"start":{"line":459,"column":54},"end":{"line":459,"column":70}},"type":"binary-expr","locations":[{"start":{"line":459,"column":54},"end":{"line":459,"column":62}},{"start":{"line":459,"column":66},"end":{"line":459,"column":70}}]},"54":{"loc":{"start":{"line":462,"column":25},"end":{"line":462,"column":73}},"type":"binary-expr","locations":[{"start":{"line":462,"column":25},"end":{"line":462,"column":46}},{"start":{"line":462,"column":50},"end":{"line":462,"column":73}}]},"55":{"loc":{"start":{"line":463,"column":24},"end":{"line":463,"column":68}},"type":"binary-expr","locations":[{"start":{"line":463,"column":24},"end":{"line":463,"column":43}},{"start":{"line":463,"column":47},"end":{"line":463,"column":68}}]},"56":{"loc":{"start":{"line":492,"column":4},"end":{"line":495,"column":5}},"type":"if","locations":[{"start":{"line":492,"column":4},"end":{"line":495,"column":5}},{"start":{},"end":{}}]},"57":{"loc":{"start":{"line":499,"column":4},"end":{"line":502,"column":5}},"type":"if","locations":[{"start":{"line":499,"column":4},"end":{"line":502,"column":5}},{"start":{},"end":{}}]},"58":{"loc":{"start":{"line":530,"column":4},"end":{"line":533,"column":5}},"type":"if","locations":[{"start":{"line":530,"column":4},"end":{"line":533,"column":5}},{"start":{},"end":{}}]},"59":{"loc":{"start":{"line":538,"column":4},"end":{"line":542,"column":5}},"type":"if","locations":[{"start":{"line":538,"column":4},"end":{"line":542,"column":5}},{"start":{"line":540,"column":11},"end":{"line":542,"column":5}}]}},"s":{"0":0,"1":0,"2":0,"3":0,"4":0,"5":0,"6":0,"7":0,"8":0,"9":0,"10":0,"11":0,"12":0,"13":0,"14":0,"15":0,"16":0,"17":0,"18":0,"19":0,"20":0,"21":0,"22":0,"23":0,"24":0,"25":0,"26":0,"27":0,"28":0,"29":0,"30":0,"31":0,"32":0,"33":0,"34":0,"35":0,"36":0,"37":0,"38":0,"39":0,"40":0,"41":0,"42":0,"43":0,"44":0,"45":0,"46":0,"47":0,"48":0,"49":0,"50":0,"51":0,"52":0,"53":0,"54":0,"55":0,"56":0,"57":0,"58":0,"59":0,"60":0,"61":0,"62":0,"63":0,"64":0,"65":0,"66":0,"67":0,"68":0,"69":0,"70":0,"71":0,"72":0,"73":0,"74":0,"75":0,"76":0,"77":0,"78":0,"79":0,"80":0,"81":0,"82":0,"83":0,"84":0,"85":0,"86":0,"87":0,"88":0,"89":0,"90":0,"91":0,"92":0,"93":0,"94":0,"95":0,"96":0,"97":0,"98":0,"99":0,"100":0,"101":0,"102":0,"103":0,"104":0,"105":0,"106":0,"107":0,"108":0,"109":0,"110":0,"111":0,"112":0,"113":0,"114":0,"115":0,"116":0,"117":0,"118":0,"119":0,"120":0,"121":0,"122":0,"123":0,"124":0,"125":0,"126":0,"127":0,"128":0,"129":0,"130":0,"131":0,"132":0,"133":0,"134":0,"135":0,"136":0,"137":0,"138":0,"139":0,"140":0,"141":0,"142":0,"143":0,"144":0,"145":0,"146":0,"147":0,"148":0,"149":0,"150":0,"151":0,"152":0,"153":0,"154":0,"155":0,"156":0,"157":0,"158":0,"159":0,"160":0,"161":0,"162":0,"163":0,"164":0,"165":0,"166":0,"167":0,"168":0,"169":0,"170":0,"171":0,"172":0,"173":0,"174":0,"175":0,"176":0,"177":0,"178":0,"179":0,"180":0,"181":0,"182":0,"183":0,"184":0,"185":0,"186":0,"187":0,"188":0,"189":0,"190":0,"191":0,"192":0,"193":0,"194":0,"195":0,"196":0,"197":0,"198":0,"199":0,"200":0,"201":0,"202":0,"203":0,"204":0,"205":0,"206":0,"207":0,"208":0,"209":0,"210":0,"211":0,"212":0,"213":0,"214":0,"215":0,"216":0,"217":0,"218":0,"219":0,"220":0,"221":0,"222":0,"223":0,"224":0,"225":0,"226":0,"227":0},"f":{"0":0,"1":0,"2":0,"3":0,"4":0,"5":0,"6":0,"7":0,"8":0,"9":0,"10":0,"11":0,"12":0,"13":0,"14":0},"b":{"0":[0,0],"1":[0,0],"2":[0,0],"3":[0,0],"4":[0,0],"5":[0,0],"6":[0,0],"7":[0,0],"8":[0,0],"9":[0,0],"10":[0,0],"11":[0,0],"12":[0,0],"13":[0,0],"14":[0,0],"15":[0,0],"16":[0,0],"17":[0,0],"18":[0,0],"19":[0,0,0],"20":[0,0],"21":[0,0],"22":[0,0],"23":[0,0],"24":[0,0],"25":[0,0],"26":[0,0],"27":[0,0],"28":[0,0],"29":[0,0],"30":[0,0],"31":[0,0],"32":[0,0],"33":[0,0],"34":[0,0],"35":[0,0],"36":[0,0],"37":[0,0],"38":[0,0],"39":[0,0],"40":[0,0],"41":[0,0],"42":[0,0],"43":[0,0],"44":[0,0],"45":[0,0],"46":[0,0],"47":[0,0],"48":[0,0],"49":[0,0],"50":[0,0],"51":[0,0],"52":[0,0],"53":[0,0],"54":[0,0],"55":[0,0],"56":[0,0],"57":[0,0],"58":[0,0],"59":[0,0]}}
[...]
1":{"start":{"line":633,"column":29},"end":{"line":633,"column":61}},"222":{"start":{"line":634,"column":10},"end":{"line":638,"column":11}},"223":{"start":{"line":635,"column":12},"end":{"line":635,"column":59}},"224":{"start":{"line":636,"column":12},"end":{"line":636,"column":82}},"225":{"start":{"line":637,"column":12},"end":{"line":637,"column":19}},"226":{"start":{"line":644,"column":26},"end":{"line":647,"column":6}},"227":{"start":{"line":649,"column":4},"end":{"line":656,"column":5}},"228":{"start":{"line":650,"column":20},"end":{"line":650,"column":39}},"229":{"start":{"line":651,"column":6},"end":{"line":655,"column":7}},"230":{"start":{"line":652,"column":8},"end":{"line":652,"column":50}},"231":{"start":{"line":653,"column":8},"end":{"line":653,"column":59}},"232":{"start":{"line":654,"column":8},"end":{"line":654,"column":15}},"233":{"start":{"line":659,"column":4},"end":{"line":663,"column":5}},"234":{"start":{"line":660,"column":6},"end":{"line":660,"column":88}},"235":{"start":{"line":660,"column":62},"end":{"line":660,"column":83}},"236":{"start":{"line":661,"column":6},"end":{"line":661,"column":70}},"237":{"start":{"line":662,"column":6},"end":{"line":662,"column":73}},"238":{"start":{"line":670,"column":4},"end":{"line":687,"column":5}},"239":{"start":{"line":671,"column":6},"end":{"line":671,"column":49}},"240":{"start":{"line":673,"column":19},"end":{"line":673,"column":54}},"241":{"start":{"line":675,"column":6},"end":{"line":678,"column":7}},"242":{"start":{"line":676,"column":8},"end":{"line":676,"column":70}},"243":{"start":{"line":677,"column":8},"end":{"line":677,"column":44}},"244":{"start":{"line":680,"column":25},"end":{"line":680,"column":52}},"245":{"start":{"line":682,"column":6},"end":{"line":682,"column":49}},"246":{"start":{"line":683,"column":6},"end":{"line":683,"column":24}},"247":{"start":{"line":685,"column":6},"end":{"line":685,"column":56}},"248":{"start":{"line":686,"column":6},"end":{"line":686,"column":42}},"249":{"start":{"line":694,"column":4},"end":{"line":703,"column":6}},"250":{"start":{"line":707,"column":13},"end":{"line":707,"column":43}},"251":{"start":{"line":708,"column":0},"end":{"line":708,"column":26}}},"fnMap":{"0":{"name":"mergeDuplicateItems","decl":{"start":{"line":10,"column":9},"end":{"line":10,"column":28}},"loc":{"start":{"line":17,"column":2},"end":{"line":96,"column":1}}},"1":{"name":"(anonymous_1)","decl":{"start":{"line":89,"column":19},"end":{"line":89,"column":20}},"loc":{"start":{"line":89,"column":29},"end":{"line":89,"column":46}}},"2":{"name":"(anonymous_2)","decl":{"start":{"line":92,"column":25},"end":{"line":92,"column":26}},"loc":{"start":{"line":92,"column":50},"end":{"line":95,"column":4}}},"3":{"name":"(anonymous_3)","decl":{"start":{"line":122,"column":2},"end":{"line":122,"column":null}},"loc":{"start":{"line":122,"column":2},"end":{"line":132,"column":3}}},"4":{"name":"(anonymous_4)","decl":{"start":{"line":137,"column":2},"end":{"line":137,"column":7}},"loc":{"start":{"line":137,"column":39},"end":{"line":160,"column":3}}},"5":{"name":"(anonymous_5)","decl":{"start":{"line":165,"column":2},"end":{"line":165,"column":18}},"loc":{"start":{"line":165,"column":31},"end":{"line":210,"column":3}}},"6":{"name":"(anonymous_6)","decl":{"start":{"line":188,"column":39},"end":{"line":188,"column":43}},"loc":{"start":{"line":188,"column":47},"end":{"line":188,"column":58}}},"7":{"name":"(anonymous_7)","decl":{"start":{"line":188,"column":67},"end":{"line":188,"column":71}},"loc":{"start":{"line":188,"column":75},"end":{"line":188,"column":90}}},"8":{"name":"(anonymous_8)","decl":{"start":{"line":215,"column":10},"end":{"line":215,"column":24}},"loc":{"start":{"line":215,"column":67},"end":{"line":267,"column":3}}},"9":{"name":"(anonymous_9)","decl":{"start":{"line":272,"column":10},"end":{"line":272,"column":21}},"loc":{"start":{"line":272,"column":61},"end":{"line":299,"column":3}}},"10":{"name":"(anonymous_10)","decl":{"start":{"line":308,"column":10},"end":{"line":308,"column":22}},"loc":{"start":{"line":308,"column":65},"end":{"line":586,"column":3}}},"11":{"name":"(anonymous_11)","decl":{"start":{"line":383,"column":39},"end":{"line":383,"column":42}},"loc":{"start":{"line":383,"column":44},"end":{"line":423,"column":5}}},"12":{"name":"(anonymous_12)","decl":{"start":{"line":450,"column":42},"end":{"line":450,"column":49}},"loc":{"start":{"line":450,"column":53},"end":{"line":450,"column":71}}},"13":{"name":"(anonymous_13)","decl":{"start":{"line":456,"column":28},"end":{"line":456,"column":35}},"loc":{"start":{"line":456,"column":39},"end":{"line":456,"column":57}}},"14":{"name":"(anonymous_14)","decl":{"start":{"line":591,"column":10},"end":{"line":591,"column":23}},"loc":{"start":{"line":591,"column":36},"end":{"line":597,"column":3}}},"15":{"name":"(anonymous_15)","decl":{"start":{"line":602,"column":10},"end":{"line":602,"column":24}},"loc":{"start":{"line":602,"column":37},"end":{"line":615,"column":3}}},"16":{"name":"(anonymous_16)","decl":{"start":{"line":614,"column":33},"end":{"line":614,"column":40}},"loc":{"start":{"line":614,"column":44},"end":{"line":614,"column":62}}},"17":{"name":"(anonymous_17)","decl":{"start":{"line":620,"column":10},"end":{"line":620,"column":22}},"loc":{"start":{"line":620,"column":62},"end":{"line":664,"column":3}}},"18":{"name":"(anonymous_18)","decl":{"start":{"line":621,"column":39},"end":{"line":621,"column":40}},"loc":{"start":{"line":621,"column":44},"end":{"line":621,"column":52}}},"19":{"name":"(anonymous_19)","decl":{"start":{"line":660,"column":47},"end":{"line":660,"column":48}},"loc":{"start":{"line":660,"column":62},"end":{"line":660,"column":83}}},"20":{"name":"(anonymous_20)","decl":{"start":{"line":669,"column":2},"end":{"line":669,"column":7}},"loc":{"start":{"line":669,"column":42},"end":{"line":688,"column":3}}},"21":{"name":"(anonymous_21)","decl":{"start":{"line":693,"column":10},"end":{"line":693,"column":31}},"loc":{"start":{"line":693,"column":31},"end":{"line":704,"column":3}}}},"branchMap":{"0":{"loc":{"start":{"line":26,"column":2},"end":{"line":28,"column":3}},"type":"if","locations":[{"start":{"line":26,"column":2},"end":{"line":28,"column":3}},{"start":{},"end":{}}]},"1":{"loc":{"start":{"line":26,"column":6},"end":{"line":26,"column":34}},"type":"binary-expr","locations":[{"start":{"line":26,"column":6},"end":{"line":26,"column":12}},{"start":{"line":26,"column":16},"end":{"line":26,"column":34}}]},"2":{"loc":{"start":{"line":42,"column":4},"end":{"line":44,"column":5}},"type":"if","locations":[{"start":{"line":42,"column":4},"end":{"line":44,"column":5}},{"start":{},"end":{}}]},"3":{"loc":{"start":{"line":42,"column":8},"end":{"line":42,"column":90}},"type":"binary-expr","locations":[{"start":{"line":42,"column":8},"end":{"line":42,"column":42}},{"start":{"line":42,"column":46},"end":{"line":42,"column":67}},{"start":{"line":42,"column":71},"end":{"line":42,"column":90}}]},"4":{"loc":{"start":{"line":51,"column":4},"end":{"line":58,"column":5}},"type":"if","locations":[{"start":{"line":51,"column":4},"end":{"line":58,"column":5}},{"start":{"line":54,"column":11},"end":{"line":58,"column":5}}]},"5":{"loc":{"start":{"line":60,"column":55},"end":{"line":60,"column":81}},"type":"binary-expr","locations":[{"start":{"line":60,"column":55},"end":{"line":60,"column":70}},{"start":{"line":60,"column":74},"end":{"line":60,"column":81}}]},"6":{"loc":{"start":{"line":62,"column":4},"end":{"line":84,"column":5}},"type":"if","locations":[{"start":{"line":62,"column":4},"end":{"line":84,"column":5}},{"start":{"line":72,"column":11},"end":{"line":84,"column":5}}]},"7":{"loc":{"start":{"line":78,"column":18},"end":{"line":78,"column":36}},"type":"binary-expr","locations":[{"start":{"line":78,"column":18},"end":{"line":78,"column":31}},{"start":{"line":78,"column":35},"end":{"line":78,"column":36}}]},"8":{"loc":{"start":{"line":147,"column":6},"end":{"line":150,"column":7}},"type":"if","locations":[{"start":{"line":147,"column":6},"end":{"line":150,"column":7}},{"start":{},"end":{}}]},"9":{"loc":{"start":{"line":147,"column":10},"end":{"line":147,"column":58}},"type":"binary-expr","locations":[{"start":{"line":147,"column":10},"end":{"line":147,"column":26}},{"start":{"line":147,"column":30},"end":{"line":147,"column":58}}]},"10":{"loc":{"start":{"line":152,"column":23},"end":{"line":152,"column":59}},"type":"binary-expr","locations":[{"start":{"line":152,"column":23},"end":{"line":152,"column":53}},{"start":{"line":152,"column":57},"end":{"line":152,"column":59}}]},"11":{"loc":{"start":{"line":183,"column":4},"end":{"line":186,"column":5}},"type":"if","locations":[{"start":{"line":183,"column":4},"end":{"line":186,"column":5}},{"start":{},"end":{}}]},"12":{"loc":{"start":{"line":183,"column":8},"end":{"line":183,"column":41}},"type":"binary-expr","locations":[{"start":{"line":183,"column":8},"end":{"line":183,"column":13}},{"start":{"line":183,"column":17},"end":{"line":183,"column":41}}]},"13":{"loc":{"start":{"line":191,"column":4},"end":{"line":194,"column":5}},"type":"if","locations":[{"start":{"line":191,"column":4},"end":{"line":194,"column":5}},{"start":{},"end":{}}]},"14":{"loc":{"start":{"line":234,"column":6},"end":{"line":241,"column":7}},"type":"if","locations":[{"start":{"line":234,"column":6},"end":{"line":241,"column":7}},{"start":{},"end":{}}]},"15":{"loc":{"start":{"line":245,"column":6},"end":{"line":256,"column":7}},"type":"if","locations":[{"start":{"line":245,"column":6},"end":{"line":256,"column":7}},{"start":{},"end":{}}]},"16":{"loc":{"start":{"line":245,"column":10},"end":{"line":245,"column":51}},"type":"binary-expr","locations":[{"start":{"line":245,"column":10},"end":{"line":245,"column":21}},{"start":{"line":245,"column":25},"end":{"line":245,"column":51}}]},"17":{"loc":{"start":{"line":248,"column":8},"end":{"line":255,"column":9}},"type":"if","locations":[{"start":{"line":248,"column":8},"end":{"line":255,"column":9}},{"start":{},"end":{}}]},"18":{"loc":{"start":{"line":261,"column":4},"end":{"line":266,"column":5}},"type":"if","locations":[{"start":{"line":261,"column":4},"end":{"line":266,"column":5}},{"start":{},"end":{}}]},"19":{"loc":{"start":{"line":283,"column":6},"end":{"line":297,"column":7}},"type":"if","locations":[{"start":{"line":283,"column":6},"end":{"line":297,"column":7}},{"start":{},"end":{}}]},"20":{"loc":{"start":{"line":285,"column":8},"end":{"line":287,"column":9}},"type":"if","locations":[{"start":{"line":285,"column":8},"end":{"line":287,"column":9}},{"start":{},"end":{}}]},"21":{"loc":{"start":{"line":292,"column":8},"end":{"line":296,"column":9}},"type":"if","locations":[{"start":{"line":292,"column":8},"end":{"line":296,"column":9}},{"start":{},"end":{}}]},"22":{"loc":{"start":{"line":384,"column":6},"end":{"line":384,"column":74}},"type":"if","locations":[{"start":{"line":384,"column":6},"end":{"line":384,"column":74}},{"start":{},"end":{}}]},"23":{"loc":{"start":{"line":384,"column":10},"end":{"line":384,"column":65}},"type":"binary-expr","locations":[{"start":{"line":384,"column":10},"end":{"line":384,"column":35}},{"start":{"line":384,"column":39},"end":{"line":384,"column":65}}]},"24":{"loc":{"start":{"line":388,"column":6},"end":{"line":422,"column":7}},"type":"if","locations":[{"start":{"line":388,"column":6},"end":{"line":422,"column":7}},{"start":{"line":407,"column":13},"end":{"line":422,"column":7}}]},"25":{"loc":{"start":{"line":409,"column":15},"end":{"line":409,"column":66}},"type":"binary-expr","locations":[{"start":{"line":409,"column":15},"end":{"line":409,"column":38}},{"start":{"line":409,"column":42},"end":{"line":409,"column":66}}]},"26":{"loc":{"start":{"line":429,"column":6},"end":{"line":431,"column":7}},"type":"if","locations":[{"start":{"line":429,"column":6},"end":{"line":431,"column":7}},{"start":{},"end":{}}]},"27":{"loc":{"start":{"line":429,"column":10},"end":{"line":429,"column":34}},"type":"binary-expr","locations":[{"start":{"line":429,"column":10},"end":{"line":429,"column":15}},{"start":{"line":429,"column":19},"end":{"line":429,"column":34}}]},"28":{"loc":{"start":{"line":450,"column":6},"end":{"line":453,"column":7}},"type":"if","locations":[{"start":{"line":450,"column":6},"end":{"line":453,"column":7}},{"start":{},"end":{}}]},"29":{"loc":{"start":{"line":456,"column":6},"end":{"line":461,"column":7}},"type":"if","locations":[{"start":{"line":456,"column":6},"end":{"line":461,"column":7}},{"start":{},"end":{}}]},"30":{"loc":{"start":{"line":465,"column":6},"end":{"line":484,"column":7}},"type":"if","locations":[{"start":{"line":465,"column":6},"end":{"line":484,"column":7}},{"start":{},"end":{}}]},"31":{"loc":{"start":{"line":467,"column":8},"end":{"line":482,"column":9}},"type":"if","locations":[{"start":{"line":467,"column":8},"end":{"line":482,"column":9}},{"start":{},"end":{}}]},"32":{"loc":{"start":{"line":467,"column":12},"end":{"line":467,"column":42}},"type":"binary-expr","locations":[{"start":{"line":467,"column":12},"end":{"line":467,"column":25}},{"start":{"line":467,"column":29},"end":{"line":467,"column":42}}]},"33":{"loc":{"start":{"line":468,"column":10},"end":{"line":481,"column":11}},"type":"if","locations":[{"start":{"line":468,"column":10},"end":{"line":481,"column":11}},{"start":{"line":477,"column":17},"end":{"line":481,"column":11}}]},"34":{"loc":{"start":{"line":474,"column":12},"end":{"line":476,"column":13}},"type":"if","locations":[{"start":{"line":474,"column":12},"end":{"line":476,"column":13}},{"start":{},"end":{}}]},"35":{"loc":{"start":{"line":474,"column":16},"end":{"line":474,"column":71}},"type":"binary-expr","locations":[{"start":{"line":474,"column":16},"end":{"line":474,"column":41}},{"start":{"line":474,"column":45},"end":{"line":474,"column":71}}]},"36":{"loc":{"start":{"line":488,"column":6},"end":{"line":495,"column":7}},"type":"if","locations":[{"start":{"line":488,"column":6},"end":{"line":495,"column":7}},{"start":{},"end":{}}]},"37":{"loc":{"start":{"line":488,"column":10},"end":{"line":488,"column":46}},"type":"binary-expr","locations":[{"start":{"line":488,"column":10},"end":{"line":488,"column":23}},{"start":{"line":488,"column":27},"end":{"line":488,"column":46}}]},"38":{"loc":{"start":{"line":499,"column":6},"end":{"line":531,"column":7}},"type":"if","locations":[{"start":{"line":499,"column":6},"end":{"line":531,"column":7}},{"start":{},"end":{}}]},"39":{"loc":{"start":{"line":501,"column":8},"end":{"line":513,"column":9}},"type":"if","locations":[{"start":{"line":501,"column":8},"end":{"line":513,"column":9}},{"start":{},"end":{}}]},"40":{"loc":{"start":{"line":501,"column":12},"end":{"line":501,"column":50}},"type":"binary-expr","locations":[{"start":{"line":501,"column":12},"end":{"line":501,"column":35}},{"start":{"line":501,"column":39},"end":{"line":501,"column":50}}]},"41":{"loc":{"start":{"line":519,"column":8},"end":{"line":529,"column":9}},"type":"if","locations":[{"start":{"line":519,"column":8},"end":{"line":529,"column":9}},{"start":{},"end":{}}]},"42":{"loc":{"start":{"line":519,"column":12},"end":{"line":519,"column":62}},"type":"binary-expr","locations":[{"start":{"line":519,"column":12},"end":{"line":519,"column":28}},{"start":{"line":519,"column":32},"end":{"line":519,"column":45}},{"start":{"line":519,"column":49},"end":{"line":519,"column":62}}]},"43":{"loc":{"start":{"line":535,"column":6},"end":{"line":551,"column":7}},"type":"if","locations":[{"start":{"line":535,"column":6},"end":{"line":551,"column":7}},{"start":{},"end":{}}]},"44":{"loc":{"start":{"line":538,"column":8},"end":{"line":540,"column":9}},"type":"if","locations":[{"start":{"line":538,"column":8},"end":{"line":540,"column":9}},{"start":{},"end":{}}]},"45":{"loc":{"start":{"line":538,"column":12},"end":{"line":538,"column":63}},"type":"binary-expr","locations":[{"start":{"line":538,"column":12},"end":{"line":538,"column":36}},{"start":{"line":538,"column":40},"end":{"line":538,"column":63}}]},"46":{"loc":{"start":{"line":545,"column":8},"end":{"line":549,"column":9}},"type":"if","locations":[{"start":{"line":545,"column":8},"end":{"line":549,"column":9}},{"start":{},"end":{}}]},"47":{"loc":{"start":{"line":560,"column":11},"end":{"line":560,"column":49}},"type":"binary-expr","locations":[{"start":{"line":560,"column":11},"end":{"line":560,"column":34}},{"start":{"line":560,"column":38},"end":{"line":560,"column":49}}]},"48":{"loc":{"start":{"line":630,"column":6},"end":{"line":640,"column":7}},"type":"if","locations":[{"start":{"line":630,"column":6},"end":{"line":640,"column":7}},{"start":{},"end":{}}]},"49":{"loc":{"start":{"line":634,"column":10},"end":{"line":638,"column":11}},"type":"if","locations":[{"start":{"line":634,"column":10},"end":{"line":638,"column":11}},{"start":{},"end":{}}]},"50":{"loc":{"start":{"line":651,"column":6},"end":{"line":655,"column":7}},"type":"if","locations":[{"start":{"line":651,"column":6},"end":{"line":655,"column":7}},{"start":{},"end":{}}]},"51":{"loc":{"start":{"line":659,"column":4},"end":{"line":663,"column":5}},"type":"if","locations":[{"start":{"line":659,"column":4},"end":{"line":663,"column":5}},{"start":{},"end":{}}]},"52":{"loc":{"start":{"line":675,"column":6},"end":{"line":678,"column":7}},"type":"if","locations":[{"start":{"line":675,"column":6},"end":{"line":678,"column":7}},{"start":{},"end":{}}]}},"s":{"0":0,"1":0,"2":0,"3":0,"4":0,"5":0,"6":0,"7":0,"8":0,"9":0,"10":0,"11":0,"12":0,"13":0,"14":0,"15":0,"16":0,"17":0,"18":0,"19":0,"20":0,"21":0,"22":0,"23":0,"24":0,"25":0,"26":0,"27":0,"28":0,"29":0,"30":0,"31":0,"32":0,"33":0,"34":0,"35":0,"36":0,"37":0,"38":0,"39":0,"40":0,"41":0,"42":0,"43":0,"44":0,"45":0,"46":0,"47":0,"48":0,"49":0,"50":0,"51":0,"52":0,"53":0,"54":0,"55":0,"56":0,"57":0,"58":0,"59":0,"60":0,"61":0,"62":0,"63":0,"64":0,"65":0,"66":0,"67":0,"68":0,"69":0,"70":0,"71":0,"72":0,"73":0,"74":0,"75":0,"76":0,"77":0,"78":0,"79":0,"80":0,"81":0,"82":0,"83":0,"84":0,"85":0,"86":0,"87":0,"88":0,"89":0,"90":0,"91":0,"92":0,"93":0,"94":0,"95":0,"96":0,"97":0,"98":0,"99":0,"100":0,"101":0,"102":0,"103":0,"104":0,"105":0,"106":0,"107":0,"108":0,"109":0,"110":0,"111":0,"112":0,"113":0,"114":0,"115":0,"116":0,"117":0,"118":0,"119":0,"120":0,"121":0,"122":0,"123":0,"124":0,"125":0,"126":0,"127":0,"128":0,"129":0,"130":0,"131":0,"132":0,"133":0,"134":0,"135":0,"136":0,"137":0,"138":0,"139":0,"140":0,"141":0,"142":0,"143":0,"144":0,"145":0,"146":0,"147":0,"148":0,"149":0,"150":0,"151":0,"152":0,"153":0,"154":0,"155":0,"156":0,"157":0,"158":0,"159":0,"160":0,"161":0,"162":0,"163":0,"164":0,"165":0,"166":0,"167":0,"168":0,"169":0,"170":0,"171":0,"172":0,"173":0,"174":0,"175":0,"176":0,"177":0,"178":0,"179":0,"180":0,"181":0,"182":0,"183":0,"184":0,"185":0,"186":0,"187":0,"188":0,"189":0,"190":0,"191":0,"192":0,"193":0,"194":0,"195":0,"196":0,"197":0,"198":0,"199":0,"200":0,"201":0,"202":0,"203":0,"204":0,"205":0,"206":0,"207":0,"208":0,"209":0,"210":0,"211":0,"212":0,"213":0,"214":0,"215":0,"216":0,"217":0,"218":0,"219":0,"220":0,"221":0,"222":0,"223":0,"224":0,"225":0,"226":0,"227":0,"228":0,"229":0,"230":0,"231":0,"232":0,"233":0,"234":0,"235":0,"236":0,"237":0,"238":0,"239":0,"240":0,"241":0,"242":0,"243":0,"244":0,"245":0,"246":0,"247":0,"248":0,"249":0,"250":0,"251":0},"f":{"0":0,"1":0,"2":0,"3":0,"4":0,"5":0,"6":0,"7":0,"8":0,"9":0,"10":0,"11":0,"12":0,"13":0,"14":0,"15":0,"16":0,"17":0,"18":0,"19":0,"20":0,"21":0},"b":{"0":[0,0],"1":[0,0],"2":[0,0],"3":[0,0,0],"4":[0,0],"5":[0,0],"6":[0,0],"7":[0,0],"8":[0,0],"9":[0,0],"10":[0,0],"11":[0,0],"12":[0,0],"13":[0,0],"14":[0,0],"15":[0,0],"16":[0,0],"17":[0,0],"18":[0,0],"19":[0,0],"20":[0,0],"21":[0,0],"22":[0,0],"23":[0,0],"24":[0,0],"25":[0,0],"26":[0,0],"27":[0,0],"28":[0,0],"29":[0,0],"30":[0,0],"31":[0,0],"32":[0,0],"33":[0,0],"34":[0,0],"35":[0,0],"36":[0,0],"37":[0,0],"38":[0,0],"39":[0,0],"40":[0,0],"41":[0,0],"42":[0,0,0],"43":[0,0],"44":[0,0],"45":[0,0],"46":[0,0],"47":[0,0],"48":[0,0],"49":[0,0],"50":[0,0],"51":[0,0],"52":[0,0]}}
}
