TN:
SF:src/config/database.ts
FN:12,(anonymous_1)
FN:16,(anonymous_2)
FN:22,(anonymous_3)
FNF:3
FNH:0
FNDA:0,(anonymous_1)
FNDA:0,(anonymous_2)
FNDA:0,(anonymous_3)
DA:1,1
DA:2,1
DA:4,1
DA:6,1
DA:12,1
DA:13,0
DA:16,1
DA:17,0
DA:18,0
DA:22,1
DA:23,0
DA:24,0
DA:25,0
DA:26,0
DA:27,0
DA:28,0
DA:30,0
DA:31,0
DA:35,1
LF:19
LH:8
BRDA:8,0,0,0
BRDA:8,0,1,1
BRF:2
BRH:1
end_of_record
TN:
SF:src/middleware/auth.ts
FN:19,(anonymous_1)
FNF:1
FNH:0
FNDA:0,(anonymous_1)
DA:2,0
DA:4,0
DA:19,0
DA:24,0
DA:26,0
DA:28,0
DA:29,0
DA:30,0
DA:34,0
DA:35,0
DA:36,0
DA:39,0
DA:41,0
DA:42,0
DA:43,0
DA:47,0
DA:50,0
DA:52,0
DA:54,0
DA:55,0
DA:56,0
DA:58,0
DA:59,0
DA:60,0
DA:62,0
DA:63,0
DA:67,0
LF:27
LH:0
BRDA:4,0,0,0
BRDA:4,0,1,0
BRDA:28,1,0,0
BRDA:28,1,1,0
BRDA:34,2,0,0
BRDA:34,2,1,0
BRDA:41,3,0,0
BRDA:41,3,1,0
BRDA:54,4,0,0
BRDA:54,4,1,0
BRDA:58,5,0,0
BRDA:58,5,1,0
BRF:12
BRH:0
end_of_record
TN:
SF:src/models/Item.ts
FN:27,(anonymous_1)
FN:46,(anonymous_2)
FN:54,(anonymous_3)
FN:89,(anonymous_4)
FN:97,(anonymous_5)
FN:105,(anonymous_6)
FN:149,(anonymous_7)
FNF:7
FNH:7
FNDA:2,(anonymous_1)
FNDA:2,(anonymous_2)
FNDA:2,(anonymous_3)
FNDA:2,(anonymous_4)
FNDA:3,(anonymous_5)
FNDA:2,(anonymous_6)
FNDA:2,(anonymous_7)
DA:1,1
DA:26,1
DA:28,2
DA:43,2
DA:47,2
DA:51,2
DA:55,2
DA:56,1
DA:59,1
DA:60,1
DA:61,1
DA:63,1
DA:64,2
DA:65,2
DA:68,2
DA:80,1
DA:86,1
DA:90,2
DA:94,2
DA:98,3
DA:102,3
DA:110,2
DA:111,2
DA:112,2
DA:114,2
DA:115,1
DA:116,1
DA:118,2
DA:119,1
DA:120,1
DA:122,2
DA:123,1
DA:124,1
DA:126,2
DA:127,1
DA:128,1
DA:130,2
DA:131,1
DA:132,1
DA:135,2
DA:136,1
DA:139,1
DA:140,1
DA:146,1
DA:150,2
DA:154,2
DA:158,1
LF:47
LH:47
BRDA:38,0,0,2
BRDA:38,0,1,1
BRDA:39,1,0,2
BRDA:39,1,1,1
BRDA:40,2,0,2
BRDA:40,2,1,1
BRDA:55,3,0,1
BRDA:55,3,1,1
BRDA:74,4,0,2
BRDA:74,4,1,2
BRDA:75,5,0,2
BRDA:75,5,1,2
BRDA:76,6,0,2
BRDA:76,6,1,2
BRDA:94,7,0,2
BRDA:94,7,1,0
BRDA:102,8,0,3
BRDA:102,8,1,1
BRDA:114,9,0,1
BRDA:114,9,1,1
BRDA:118,10,0,1
BRDA:118,10,1,1
BRDA:122,11,0,1
BRDA:122,11,1,1
BRDA:126,12,0,1
BRDA:126,12,1,1
BRDA:130,13,0,1
BRDA:130,13,1,1
BRDA:135,14,0,1
BRDA:135,14,1,1
BRDA:146,15,0,1
BRDA:146,15,1,0
BRDA:154,16,0,2
BRDA:154,16,1,0
BRF:34
BRH:31
end_of_record
TN:
SF:src/models/Receipt.ts
FN:40,(anonymous_1)
FN:60,(anonymous_2)
FN:70,(anonymous_3)
FN:78,(anonymous_4)
FN:128,(anonymous_5)
FNF:5
FNH:5
FNDA:2,(anonymous_1)
FNDA:2,(anonymous_2)
FNDA:4,(anonymous_3)
FNDA:2,(anonymous_4)
FNDA:2,(anonymous_5)
DA:1,1
DA:39,1
DA:41,2
DA:57,2
DA:61,2
DA:67,2
DA:71,4
DA:75,4
DA:79,2
DA:80,2
DA:81,2
DA:83,2
DA:84,0
DA:85,0
DA:87,2
DA:88,1
DA:89,1
DA:91,2
DA:92,1
DA:93,1
DA:95,2
DA:96,0
DA:97,0
DA:99,2
DA:100,0
DA:101,0
DA:103,2
DA:104,0
DA:105,0
DA:107,2
DA:108,0
DA:109,0
DA:112,2
DA:113,1
DA:116,1
DA:118,1
DA:125,1
DA:129,2
DA:133,2
DA:137,1
LF:40
LH:30
BRDA:48,0,0,2
BRDA:48,0,1,1
BRDA:49,1,0,2
BRDA:49,1,1,1
BRDA:50,2,0,2
BRDA:50,2,1,1
BRDA:51,3,0,2
BRDA:51,3,1,1
BRDA:52,4,0,2
BRDA:52,4,1,1
BRDA:53,5,0,2
BRDA:53,5,1,1
BRDA:54,6,0,2
BRDA:54,6,1,1
BRDA:75,7,0,4
BRDA:75,7,1,2
BRDA:83,8,0,0
BRDA:83,8,1,2
BRDA:87,9,0,1
BRDA:87,9,1,1
BRDA:91,10,0,1
BRDA:91,10,1,1
BRDA:95,11,0,0
BRDA:95,11,1,2
BRDA:99,12,0,0
BRDA:99,12,1,2
BRDA:103,13,0,0
BRDA:103,13,1,2
BRDA:107,14,0,0
BRDA:107,14,1,2
BRDA:112,15,0,1
BRDA:112,15,1,1
BRDA:125,16,0,1
BRDA:125,16,1,0
BRDA:133,17,0,2
BRDA:133,17,1,0
BRF:36
BRH:29
end_of_record
TN:
SF:src/models/User.ts
FN:17,(anonymous_1)
FN:25,(anonymous_2)
FN:33,(anonymous_3)
FNF:3
FNH:0
FNDA:0,(anonymous_1)
FNDA:0,(anonymous_2)
FNDA:0,(anonymous_3)
DA:1,1
DA:16,1
DA:18,0
DA:22,0
DA:26,0
DA:30,0
DA:34,0
DA:40,0
DA:44,1
LF:9
LH:3
BRDA:22,0,0,0
BRDA:22,0,1,0
BRDA:30,1,0,0
BRDA:30,1,1,0
BRF:4
BRH:0
end_of_record
TN:
SF:src/routes/analytics.ts
FN:8,(anonymous_1)
FN:25,(anonymous_2)
FN:38,(anonymous_3)
FN:78,(anonymous_4)
FN:106,(anonymous_5)
FN:124,(anonymous_6)
FN:138,(anonymous_7)
FN:186,(anonymous_8)
FN:224,formatMonth
FN:235,truncateName
FNF:10
FNH:0
FNDA:0,(anonymous_1)
FNDA:0,(anonymous_2)
FNDA:0,(anonymous_3)
FNDA:0,(anonymous_4)
FNDA:0,(anonymous_5)
FNDA:0,(anonymous_6)
FNDA:0,(anonymous_7)
FNDA:0,(anonymous_8)
FNDA:0,formatMonth
FNDA:0,truncateName
DA:1,0
DA:2,0
DA:3,0
DA:5,0
DA:8,0
DA:9,0
DA:10,0
DA:12,0
DA:22,0
DA:25,0
DA:30,0
DA:32,0
DA:33,0
DA:38,0
DA:39,0
DA:40,0
DA:41,0
DA:43,0
DA:76,0
DA:78,0
DA:79,0
DA:80,0
DA:81,0
DA:82,0
DA:83,0
DA:86,0
DA:98,0
DA:100,0
DA:101,0
DA:106,0
DA:107,0
DA:108,0
DA:110,0
DA:122,0
DA:124,0
DA:130,0
DA:132,0
DA:133,0
DA:138,0
DA:139,0
DA:140,0
DA:143,0
DA:150,0
DA:151,0
DA:153,0
DA:154,0
DA:155,0
DA:158,0
DA:166,0
DA:167,0
DA:169,0
DA:170,0
DA:172,0
DA:180,0
DA:181,0
DA:186,0
DA:187,0
DA:188,0
DA:190,0
DA:203,0
DA:204,0
DA:206,0
DA:218,0
DA:219,0
DA:225,0
DA:226,0
DA:230,0
DA:231,0
DA:236,0
DA:237,0
DA:240,0
LF:71
LH:0
BRDA:27,0,0,0
BRDA:27,0,1,0
BRDA:41,1,0,0
BRDA:41,1,1,0
BRDA:79,2,0,0
BRDA:79,2,1,0
BRDA:80,3,0,0
BRDA:80,3,1,0
BRDA:82,4,0,0
BRDA:82,4,1,0
BRDA:82,5,0,0
BRDA:82,5,1,0
BRDA:88,6,0,0
BRDA:88,6,1,0
BRDA:89,7,0,0
BRDA:89,7,1,0
BRDA:90,8,0,0
BRDA:90,8,1,0
BRDA:91,9,0,0
BRDA:91,9,1,0
BRDA:92,10,0,0
BRDA:92,10,1,0
BRDA:126,11,0,0
BRDA:126,11,1,0
BRDA:127,12,0,0
BRDA:127,12,1,0
BRDA:153,13,0,0
BRDA:153,13,1,0
BRDA:154,14,0,0
BRDA:154,14,1,0
BRDA:155,15,0,0
BRDA:155,15,1,0
BRDA:169,16,0,0
BRDA:169,16,1,0
BRDA:170,17,0,0
BRDA:170,17,1,0
BRDA:209,18,0,0
BRDA:209,18,1,0
BRDA:210,19,0,0
BRDA:210,19,1,0
BRDA:211,20,0,0
BRDA:211,20,1,0
BRDA:212,21,0,0
BRDA:212,21,1,0
BRDA:236,22,0,0
BRDA:236,22,1,0
BRF:46
BRH:0
end_of_record
TN:
SF:src/routes/auth.ts
FN:13,(anonymous_1)
FN:18,(anonymous_2)
FN:71,(anonymous_3)
FNF:3
FNH:3
FNDA:5,(anonymous_1)
FNDA:7,(anonymous_2)
FNDA:6,(anonymous_3)
DA:1,1
DA:2,1
DA:3,1
DA:4,1
DA:6,1
DA:8,1
DA:9,1
DA:10,1
DA:13,1
DA:14,5
DA:18,1
DA:19,7
DA:20,7
DA:23,7
DA:24,2
DA:25,2
DA:29,5
DA:30,1
DA:31,1
DA:35,4
DA:36,1
DA:37,1
DA:41,3
DA:42,3
DA:43,1
DA:44,1
DA:48,2
DA:51,2
DA:54,2
DA:60,2
DA:65,0
DA:66,0
DA:71,1
DA:72,6
DA:73,6
DA:76,6
DA:77,2
DA:78,2
DA:82,4
DA:83,4
DA:84,2
DA:85,2
DA:89,2
DA:90,2
DA:91,1
DA:92,1
DA:96,1
DA:102,1
DA:107,0
DA:108,0
DA:112,1
LF:51
LH:47
BRDA:8,0,0,1
BRDA:8,0,1,0
BRDA:14,1,0,5
BRDA:14,1,1,4
BRDA:23,2,0,2
BRDA:23,2,1,5
BRDA:23,3,0,7
BRDA:23,3,1,6
BRDA:29,4,0,1
BRDA:29,4,1,4
BRDA:35,5,0,1
BRDA:35,5,1,3
BRDA:42,6,0,1
BRDA:42,6,1,2
BRDA:76,7,0,2
BRDA:76,7,1,4
BRDA:76,8,0,6
BRDA:76,8,1,5
BRDA:83,9,0,2
BRDA:83,9,1,2
BRDA:90,10,0,1
BRDA:90,10,1,1
BRF:22
BRH:21
end_of_record
TN:
SF:src/routes/receipts.ts
FN:18,(anonymous_1)
FN:23,(anonymous_2)
FN:37,(anonymous_3)
FN:107,(anonymous_4)
FN:122,(anonymous_5)
FN:150,(anonymous_6)
FN:236,(anonymous_7)
FN:265,(anonymous_8)
FN:321,(anonymous_9)
FN:364,(anonymous_10)
FN:402,(anonymous_11)
FN:416,(anonymous_12)
FN:434,(anonymous_13)
FN:485,(anonymous_14)
FN:523,(anonymous_15)
FNF:15
FNH:0
FNDA:0,(anonymous_1)
FNDA:0,(anonymous_2)
FNDA:0,(anonymous_3)
FNDA:0,(anonymous_4)
FNDA:0,(anonymous_5)
FNDA:0,(anonymous_6)
FNDA:0,(anonymous_7)
FNDA:0,(anonymous_8)
FNDA:0,(anonymous_9)
FNDA:0,(anonymous_10)
FNDA:0,(anonymous_11)
FNDA:0,(anonymous_12)
FNDA:0,(anonymous_13)
FNDA:0,(anonymous_14)
FNDA:0,(anonymous_15)
DA:1,0
DA:2,0
DA:3,0
DA:5,0
DA:6,0
DA:7,0
DA:8,0
DA:9,0
DA:11,0
DA:14,0
DA:18,0
DA:19,0
DA:23,0
DA:24,0
DA:26,0
DA:28,0
DA:29,0
DA:33,0
DA:37,0
DA:38,0
DA:40,0
DA:41,0
DA:42,0
DA:45,0
DA:47,0
DA:49,0
DA:53,0
DA:54,0
DA:56,0
DA:58,0
DA:71,0
DA:74,0
DA:76,0
DA:77,0
DA:79,0
DA:88,0
DA:92,0
DA:105,0
DA:106,0
DA:107,0
DA:117,0
DA:121,0
DA:122,0
DA:123,0
DA:127,0
DA:138,0
DA:139,0
DA:141,0
DA:144,0
DA:145,0
DA:150,0
DA:151,0
DA:152,0
DA:153,0
DA:156,0
DA:175,0
DA:176,0
DA:179,0
DA:180,0
DA:183,0
DA:184,0
DA:188,0
DA:189,0
DA:190,0
DA:191,0
DA:193,0
DA:194,0
DA:195,0
DA:196,0
DA:200,0
DA:201,0
DA:202,0
DA:203,0
DA:205,0
DA:206,0
DA:207,0
DA:208,0
DA:212,0
DA:213,0
DA:216,0
DA:217,0
DA:220,0
DA:222,0
DA:224,0
DA:230,0
DA:231,0
DA:236,0
DA:237,0
DA:238,0
DA:239,0
DA:242,0
DA:243,0
DA:244,0
DA:245,0
DA:249,0
DA:251,0
DA:259,0
DA:260,0
DA:265,0
DA:266,0
DA:267,0
DA:268,0
DA:269,0
DA:272,0
DA:273,0
DA:274,0
DA:278,0
DA:279,0
DA:280,0
DA:281,0
DA:285,0
DA:288,0
DA:303,0
DA:304,0
DA:306,0
DA:315,0
DA:316,0
DA:321,0
DA:322,0
DA:323,0
DA:324,0
DA:325,0
DA:328,0
DA:329,0
DA:330,0
DA:331,0
DA:335,0
DA:336,0
DA:337,0
DA:338,0
DA:339,0
DA:340,0
DA:341,0
DA:342,0
DA:345,0
DA:348,0
DA:350,0
DA:358,0
DA:359,0
DA:364,0
DA:365,0
DA:366,0
DA:367,0
DA:369,0
DA:370,0
DA:371,0
DA:384,0
DA:387,0
DA:400,0
DA:401,0
DA:402,0
DA:412,0
DA:415,0
DA:416,0
DA:419,0
DA:422,0
DA:428,0
DA:429,0
DA:434,0
DA:435,0
DA:436,0
DA:437,0
DA:438,0
DA:441,0
DA:442,0
DA:443,0
DA:444,0
DA:448,0
DA:449,0
DA:450,0
DA:451,0
DA:455,0
DA:456,0
DA:457,0
DA:458,0
DA:459,0
DA:462,0
DA:463,0
DA:464,0
DA:467,0
DA:474,0
DA:479,0
DA:480,0
DA:485,0
DA:486,0
DA:487,0
DA:488,0
DA:491,0
DA:492,0
DA:493,0
DA:494,0
DA:498,0
DA:499,0
DA:500,0
DA:501,0
DA:505,0
DA:512,0
DA:517,0
DA:518,0
DA:523,0
DA:524,0
DA:525,0
DA:526,0
DA:529,0
DA:530,0
DA:531,0
DA:532,0
DA:536,0
DA:538,0
DA:539,0
DA:541,0
DA:544,0
DA:545,0
DA:549,0
LF:214
LH:0
BRDA:26,0,0,0
BRDA:26,0,1,0
BRDA:26,1,0,0
BRDA:26,1,1,0
BRDA:40,2,0,0
BRDA:40,2,1,0
BRDA:74,3,0,0
BRDA:74,3,1,0
BRDA:76,4,0,0
BRDA:76,4,1,0
BRDA:106,5,0,0
BRDA:106,5,1,0
BRDA:114,6,0,0
BRDA:114,6,1,0
BRDA:115,7,0,0
BRDA:115,7,1,0
BRDA:121,8,0,0
BRDA:121,8,1,0
BRDA:121,9,0,0
BRDA:121,9,1,0
BRDA:138,10,0,0
BRDA:138,10,1,0
BRDA:179,11,0,0
BRDA:179,11,1,0
BRDA:188,12,0,0
BRDA:188,12,1,0
BRDA:193,13,0,0
BRDA:193,13,1,0
BRDA:200,14,0,0
BRDA:200,14,1,0
BRDA:205,15,0,0
BRDA:205,15,1,0
BRDA:212,16,0,0
BRDA:212,16,1,0
BRDA:243,17,0,0
BRDA:243,17,1,0
BRDA:272,18,0,0
BRDA:272,18,1,0
BRDA:272,19,0,0
BRDA:272,19,1,0
BRDA:272,19,2,0
BRDA:279,20,0,0
BRDA:279,20,1,0
BRDA:294,21,0,0
BRDA:294,21,1,0
BRDA:329,22,0,0
BRDA:329,22,1,0
BRDA:336,23,0,0
BRDA:336,23,1,0
BRDA:337,24,0,0
BRDA:337,24,1,0
BRDA:338,25,0,0
BRDA:338,25,1,0
BRDA:339,26,0,0
BRDA:339,26,1,0
BRDA:340,27,0,0
BRDA:340,27,1,0
BRDA:341,28,0,0
BRDA:341,28,1,0
BRDA:342,29,0,0
BRDA:342,29,1,0
BRDA:369,30,0,0
BRDA:369,30,1,0
BRDA:389,31,0,0
BRDA:389,31,1,0
BRDA:390,32,0,0
BRDA:390,32,1,0
BRDA:391,33,0,0
BRDA:391,33,1,0
BRDA:392,34,0,0
BRDA:392,34,1,0
BRDA:393,35,0,0
BRDA:393,35,1,0
BRDA:394,36,0,0
BRDA:394,36,1,0
BRDA:395,37,0,0
BRDA:395,37,1,0
BRDA:396,38,0,0
BRDA:396,38,1,0
BRDA:401,39,0,0
BRDA:401,39,1,0
BRDA:401,40,0,0
BRDA:401,40,1,0
BRDA:405,41,0,0
BRDA:405,41,1,0
BRDA:406,42,0,0
BRDA:406,42,1,0
BRDA:407,43,0,0
BRDA:407,43,1,0
BRDA:408,44,0,0
BRDA:408,44,1,0
BRDA:409,45,0,0
BRDA:409,45,1,0
BRDA:410,46,0,0
BRDA:410,46,1,0
BRDA:442,47,0,0
BRDA:442,47,1,0
BRDA:449,48,0,0
BRDA:449,48,1,0
BRDA:456,49,0,0
BRDA:456,49,1,0
BRDA:457,50,0,0
BRDA:457,50,1,0
BRDA:458,51,0,0
BRDA:458,51,1,0
BRDA:459,52,0,0
BRDA:459,52,1,0
BRDA:459,53,0,0
BRDA:459,53,1,0
BRDA:462,54,0,0
BRDA:462,54,1,0
BRDA:463,55,0,0
BRDA:463,55,1,0
BRDA:492,56,0,0
BRDA:492,56,1,0
BRDA:499,57,0,0
BRDA:499,57,1,0
BRDA:530,58,0,0
BRDA:530,58,1,0
BRDA:538,59,0,0
BRDA:538,59,1,0
BRF:121
BRH:0
end_of_record
TN:
SF:src/services/ocrService.ts
FN:10,mergeDuplicateItems
FN:89,(anonymous_1)
FN:92,(anonymous_2)
FN:122,(anonymous_3)
FN:137,(anonymous_4)
FN:165,(anonymous_5)
FN:188,(anonymous_6)
FN:188,(anonymous_7)
FN:215,(anonymous_8)
FN:272,(anonymous_9)
FN:308,(anonymous_10)
FN:383,(anonymous_11)
FN:450,(anonymous_12)
FN:456,(anonymous_13)
FN:591,(anonymous_14)
FN:602,(anonymous_15)
FN:614,(anonymous_16)
FN:620,(anonymous_17)
FN:621,(anonymous_18)
FN:660,(anonymous_19)
FN:669,(anonymous_20)
FN:693,(anonymous_21)
FNF:22
FNH:0
FNDA:0,mergeDuplicateItems
FNDA:0,(anonymous_1)
FNDA:0,(anonymous_2)
FNDA:0,(anonymous_3)
FNDA:0,(anonymous_4)
FNDA:0,(anonymous_5)
FNDA:0,(anonymous_6)
FNDA:0,(anonymous_7)
FNDA:0,(anonymous_8)
FNDA:0,(anonymous_9)
FNDA:0,(anonymous_10)
FNDA:0,(anonymous_11)
FNDA:0,(anonymous_12)
FNDA:0,(anonymous_13)
FNDA:0,(anonymous_14)
FNDA:0,(anonymous_15)
FNDA:0,(anonymous_16)
FNDA:0,(anonymous_17)
FNDA:0,(anonymous_18)
FNDA:0,(anonymous_19)
FNDA:0,(anonymous_20)
FNDA:0,(anonymous_21)
DA:1,0
DA:26,0
DA:27,0
DA:31,0
DA:40,0
DA:42,0
DA:43,0
DA:51,0
DA:53,0
DA:56,0
DA:57,0
DA:60,0
DA:62,0
DA:64,0
DA:65,0
DA:66,0
DA:68,0
DA:70,0
DA:71,0
DA:75,0
DA:83,0
DA:88,0
DA:89,0
DA:92,0
DA:123,0
DA:124,0
DA:127,0
DA:129,0
DA:130,0
DA:138,0
DA:139,0
DA:141,0
DA:145,0
DA:147,0
DA:148,0
DA:149,0
DA:152,0
DA:153,0
DA:155,0
DA:157,0
DA:158,0
DA:166,0
DA:167,0
DA:168,0
DA:169,0
DA:171,0
DA:183,0
DA:184,0
DA:185,0
DA:188,0
DA:191,0
DA:192,0
DA:193,0
DA:197,0
DA:200,0
DA:203,0
DA:206,0
DA:208,0
DA:209,0
DA:217,0
DA:220,0
DA:223,0
DA:226,0
DA:227,0
DA:229,0
DA:230,0
DA:233,0
DA:234,0
DA:235,0
DA:236,0
DA:237,0
DA:238,0
DA:239,0
DA:240,0
DA:244,0
DA:245,0
DA:246,0
DA:247,0
DA:248,0
DA:249,0
DA:250,0
DA:251,0
DA:252,0
DA:253,0
DA:254,0
DA:260,0
DA:261,0
DA:262,0
DA:263,0
DA:264,0
DA:265,0
DA:274,0
DA:281,0
DA:282,0
DA:283,0
DA:284,0
DA:285,0
DA:286,0
DA:288,0
DA:289,0
DA:291,0
DA:292,0
DA:293,0
DA:294,0
DA:295,0
DA:310,0
DA:360,0
DA:363,0
DA:366,0
DA:370,0
DA:373,0
DA:375,0
DA:376,0
DA:380,0
DA:383,0
DA:384,0
DA:388,0
DA:389,0
DA:391,0
DA:392,0
DA:393,0
DA:394,0
DA:395,0
DA:403,0
DA:405,0
DA:406,0
DA:409,0
DA:410,0
DA:411,0
DA:412,0
DA:420,0
DA:425,0
DA:426,0
DA:429,0
DA:430,0
DA:435,0
DA:450,0
DA:451,0
DA:452,0
DA:456,0
DA:457,0
DA:458,0
DA:459,0
DA:460,0
DA:464,0
DA:465,0
DA:466,0
DA:467,0
DA:468,0
DA:470,0
DA:471,0
DA:474,0
DA:475,0
DA:479,0
DA:480,0
DA:483,0
DA:487,0
DA:488,0
DA:489,0
DA:490,0
DA:491,0
DA:492,0
DA:493,0
DA:494,0
DA:498,0
DA:499,0
DA:501,0
DA:502,0
DA:503,0
DA:511,0
DA:512,0
DA:515,0
DA:516,0
DA:517,0
DA:519,0
DA:520,0
DA:528,0
DA:530,0
DA:534,0
DA:535,0
DA:538,0
DA:539,0
DA:542,0
DA:543,0
DA:545,0
DA:547,0
DA:548,0
DA:550,0
DA:557,0
DA:560,0
DA:561,0
DA:562,0
DA:570,0
DA:571,0
DA:575,0
DA:576,0
DA:580,0
DA:581,0
DA:582,0
DA:585,0
DA:592,0
DA:603,0
DA:614,0
DA:621,0
DA:629,0
DA:630,0
DA:632,0
DA:633,0
DA:634,0
DA:635,0
DA:636,0
DA:637,0
DA:644,0
DA:649,0
DA:650,0
DA:651,0
DA:652,0
DA:653,0
DA:654,0
DA:659,0
DA:660,0
DA:661,0
DA:662,0
DA:670,0
DA:671,0
DA:673,0
DA:675,0
DA:676,0
DA:677,0
DA:680,0
DA:682,0
DA:683,0
DA:685,0
DA:686,0
DA:694,0
DA:707,0
DA:708,0
LF:237
LH:0
BRDA:26,0,0,0
BRDA:26,0,1,0
BRDA:26,1,0,0
BRDA:26,1,1,0
BRDA:42,2,0,0
BRDA:42,2,1,0
BRDA:42,3,0,0
BRDA:42,3,1,0
BRDA:42,3,2,0
BRDA:51,4,0,0
BRDA:51,4,1,0
BRDA:60,5,0,0
BRDA:60,5,1,0
BRDA:62,6,0,0
BRDA:62,6,1,0
BRDA:78,7,0,0
BRDA:78,7,1,0
BRDA:147,8,0,0
BRDA:147,8,1,0
BRDA:147,9,0,0
BRDA:147,9,1,0
BRDA:152,10,0,0
BRDA:152,10,1,0
BRDA:183,11,0,0
BRDA:183,11,1,0
BRDA:183,12,0,0
BRDA:183,12,1,0
BRDA:191,13,0,0
BRDA:191,13,1,0
BRDA:234,14,0,0
BRDA:234,14,1,0
BRDA:245,15,0,0
BRDA:245,15,1,0
BRDA:245,16,0,0
BRDA:245,16,1,0
BRDA:248,17,0,0
BRDA:248,17,1,0
BRDA:261,18,0,0
BRDA:261,18,1,0
BRDA:283,19,0,0
BRDA:283,19,1,0
BRDA:285,20,0,0
BRDA:285,20,1,0
BRDA:292,21,0,0
BRDA:292,21,1,0
BRDA:384,22,0,0
BRDA:384,22,1,0
BRDA:384,23,0,0
BRDA:384,23,1,0
BRDA:388,24,0,0
BRDA:388,24,1,0
BRDA:409,25,0,0
BRDA:409,25,1,0
BRDA:429,26,0,0
BRDA:429,26,1,0
BRDA:429,27,0,0
BRDA:429,27,1,0
BRDA:450,28,0,0
BRDA:450,28,1,0
BRDA:456,29,0,0
BRDA:456,29,1,0
BRDA:465,30,0,0
BRDA:465,30,1,0
BRDA:467,31,0,0
BRDA:467,31,1,0
BRDA:467,32,0,0
BRDA:467,32,1,0
BRDA:468,33,0,0
BRDA:468,33,1,0
BRDA:474,34,0,0
BRDA:474,34,1,0
BRDA:474,35,0,0
BRDA:474,35,1,0
BRDA:488,36,0,0
BRDA:488,36,1,0
BRDA:488,37,0,0
BRDA:488,37,1,0
BRDA:499,38,0,0
BRDA:499,38,1,0
BRDA:501,39,0,0
BRDA:501,39,1,0
BRDA:501,40,0,0
BRDA:501,40,1,0
BRDA:519,41,0,0
BRDA:519,41,1,0
BRDA:519,42,0,0
BRDA:519,42,1,0
BRDA:519,42,2,0
BRDA:535,43,0,0
BRDA:535,43,1,0
BRDA:538,44,0,0
BRDA:538,44,1,0
BRDA:538,45,0,0
BRDA:538,45,1,0
BRDA:545,46,0,0
BRDA:545,46,1,0
BRDA:560,47,0,0
BRDA:560,47,1,0
BRDA:630,48,0,0
BRDA:630,48,1,0
BRDA:634,49,0,0
BRDA:634,49,1,0
BRDA:651,50,0,0
BRDA:651,50,1,0
BRDA:659,51,0,0
BRDA:659,51,1,0
BRDA:675,52,0,0
BRDA:675,52,1,0
BRF:108
BRH:0
end_of_record
